SIMAN Run Controller.

12.171971 Hours>
                                      ARENA Simulation Results
                                                 HSR

                                  Summary for Replication 1 of 1

Project: HardRock                                                    Run execution date : 5/24/2013
Analyst: HSR                                                         Model revision date: 5/24/2013

Replication ended at time      : 12.171971 Hours 
Statistics were cleared at time: 11.0 Hours (Friday, May 24, 2013, 18:51:26)
Statistics accumulated for time: 1.1719706 Hours
Base Time Units: Hours

                                           TALLY VARIABLES

Identifier                                  Average   Half Width  Minimum    Maximum   Observations
___________________________________________________________________________________________________

Client.VATime                               .05073     (Insuf)    .01754     .08320         62    
Client.NVATime                              .00000     (Insuf)    .00000     .00000         62    
Client.WaitTime                             .84480     (Insuf)    .46630     1.2402         62    
Client.TranTime                             .00000     (Insuf)    .00000     .00000         62    
Client.OtherTime                            .33532     (Insuf)    .14268     .67637         62    
Client.TotalTime                            .96223     (Insuf)    .66748     1.3236         62    
Client.VACost                               .00000     (Insuf)    .00000     .00000         62    
Client.NVACost                              .00000     (Insuf)    .00000     .00000         62    
Client.WaitCost                             .00000     (Insuf)    .00000     .00000         62    
Client.TranCost                             .00000     (Insuf)    .00000     .00000         62    
Client.OtherCost                            .00000     (Insuf)    .00000     .00000         62    
Client.TotalCost                            .00000     (Insuf)    .00000     .00000         62    
Seize Table.Queue.WaitingTime               .00000     (Insuf)    .00000     .00000         67    
Seize Table.Queue.WaitingCost               .00000     (Insuf)    .00000     .00000         67    
Seize Dish Service.Queue.WaitingTime        5.9908E-05 (Insuf)    .00000     .00284         72    
Seize Dish Service.Queue.WaitingCost        .00000     (Insuf)    .00000     .00000         72    
Seize Service.Queue.WaitingTime             3.1911E-04 (Insuf)    .00000     .01723         70    
Seize Service.Queue.WaitingCost             .00000     (Insuf)    .00000     .00000         70    
CookBatch.Queue.WaitingTime                 .05928     (Insuf)    .00000     .21904        236    
CookBatch.Queue.WaitingCost                 .00000     (Insuf)    .00000     .00000        236    
Enter Cafe.Queue.WaitingTime                    --         --         --         --          0
Enter Cafe.Queue.WaitingCost                    --         --         --         --          0
Seize Cook.Queue.WaitingTime                .00670     (Insuf)    .00000     .07006        166    
Seize Cook.Queue.WaitingCost                .00000     (Insuf)    .00000     .00000        166    
Seize Bar.Queue.WaitingTime                 .00000     (Insuf)    .00000     .00000         67    
Seize Bar.Queue.WaitingCost                 .00000     (Insuf)    .00000     .00000         67    

                                     DISCRETE-CHANGE VARIABLES

Identifier                                  Average   Half Width  Minimum    Maximum   Final Value
___________________________________________________________________________________________________

TimeToTable Value                           3.0914     (Insuf)    1.0260     4.9767     1.5563    
TimeEat Value                               36.854     (Insuf)    20.901     56.259     43.854    
TimeWaitForDish Value                       8.9631     (Insuf)    3.8478     13.138     7.5618    
TimeOrdering Value                          5.1687     (Insuf)    2.5600     7.3966     6.0831    
TimeTotal Value                             57.086     (Insuf)    40.048     79.420     61.848    
Client.WIP                                  200.75     (Insuf)    175.00     231.00     212.00    
Table.NumberBusy                            119.13     (Insuf)    97.000     135.00     123.00    
Table.NumberScheduled                       250.00     (Insuf)    250.00     250.00     250.00    
Table.Utilization                           .47655     (Insuf)    .38800     .54000     .49200    
Bar.NumberBusy                              .00000     (Insuf)    .00000     4.0000     .00000    
Bar.NumberScheduled                         40.000     (Insuf)    40.000     40.000     40.000    
Bar.Utilization                             .00000     (Insuf)    .00000     .10000     .00000    
Dish Service.NumberBusy                     2.0971     (Insuf)    .00000     5.0000     4.0000    
Dish Service.NumberScheduled                5.0000     (Insuf)    5.0000     5.0000     5.0000    
Dish Service.Utilization                    .41943     (Insuf)    .00000     1.0000     .80000    
Service.NumberBusy                          5.1876     (Insuf)    1.0000     10.000     2.0000    
Service.NumberScheduled                     10.000     (Insuf)    10.000     10.000     10.000    
Service.Utilization                         .51876     (Insuf)    .10000     1.0000     .20000    
Cook.NumberBusy                             11.582     (Insuf)    3.0000     15.000     8.0000    
Cook.NumberScheduled                        15.000     (Insuf)    15.000     15.000     15.000    
Cook.Utilization                            .77216     (Insuf)    .20000     1.0000     .53333    
Seize Table.Queue.NumberInQueue             .00000     (Insuf)    .00000     .00000     .00000    
Seize Dish Service.Queue.NumberInQueue      .00368     (Insuf)    .00000     1.0000     .00000    
Seize Service.Queue.NumberInQueue           .01906     (Insuf)    .00000     2.0000     .00000    
CookBatch.Queue.NumberInQueue               11.769     (Insuf)    3.0000     25.000     9.0000    
Enter Cafe.Queue.NumberInQueue              .00000     (Insuf)    .00000     .00000     .00000    
Seize Cook.Queue.NumberInQueue              .94860     (Insuf)    .00000     16.000     .00000    
Seize Bar.Queue.NumberInQueue               .00000     (Insuf)    .00000     .00000     .00000    

                                             OUTPUTS

Identifier                                   Value
_____________________________________________________________

Client.NumberIn                             305.00    
Client.NumberOut                            268.00    
Table.NumberSeized                          156.00    
Table.ScheduledUtilization                  .47655    
Table.BusyCost                              .00000    
Table.IdleCost                              .00000    
Table.UsageCost                             .00000    
Bar.NumberSeized                            156.00    
Bar.ScheduledUtilization                    .00000    
Bar.BusyCost                                .00000    
Bar.IdleCost                                .00000    
Bar.UsageCost                               .00000    
Dish Service.NumberSeized                   72.000    
Dish Service.ScheduledUtilization           .41943    
Dish Service.BusyCost                       .00000    
Dish Service.IdleCost                       .00000    
Dish Service.UsageCost                      .00000    
Service.NumberSeized                        70.000    
Service.ScheduledUtilization                .51876    
Service.BusyCost                            .00000    
Service.IdleCost                            .00000    
Service.UsageCost                           .00000    
Cook.NumberSeized                           166.00    
Cook.ScheduledUtilization                   .77216    
Cook.BusyCost                               .00000    
Cook.IdleCost                               .00000    
Cook.UsageCost                              .00000    
All Entities.VACost                         .00000    
All Entities.NVACost                        .00000    
All Entities.WaitCost                       .00000    
All Entities.TranCost                       .00000    
All Entities.OtherCost                      .00000    
All Entities.TotalCost                      .00000    
All Resources.BusyCost                      .00000    
All Resources.IdleCost                      .00000    
All Resources.UsageCost                     .00000    
All Resources.TotalCost                     .00000    
System.TotalCost                            .00000    
System.NumberOut                            62.000    


Simulation run time: 0.60 minutes.
Simulation run complete.
