
                                      ARENA Simulation Results
                                                 HSR

                                  Summary for Replication 1 of 1

Project: HardRock                                                    Run execution date : 5/11/2013
Analyst: HSR                                                         Model revision date: 5/11/2013

Replication ended at time      : 24.0 Hours 
Base Time Units: Hours

                                           TALLY VARIABLES

Identifier                                  Average   Half Width  Minimum    Maximum   Observations
___________________________________________________________________________________________________

Client.VATime                               .04991     .00125     .01683     .08320        692    
Client.NVATime                              .00000     .00000     .00000     .00000        692    
Client.WaitTime                             .54128     (Corr)     .00000     2.3135        692    
Client.TranTime                             .00000     .00000     .00000     .00000        692    
Client.OtherTime                            1.0091     .01206     .52016     1.5092        692    
Client.TotalTime                            1.0845     (Corr)     .54092     1.6641        692    
Client.VACost                               .00000     .00000     .00000     .00000        692    
Client.NVACost                              .00000     .00000     .00000     .00000        692    
Client.WaitCost                             .00000     .00000     .00000     .00000        692    
Client.TranCost                             .00000     .00000     .00000     .00000        692    
Client.OtherCost                            .00000     .00000     .00000     .00000        692    
Client.TotalCost                            .00000     .00000     .00000     .00000        692    
Seize Table.Queue.WaitingTime               .00000     .00000     .00000     .00000        693    
Seize Table.Queue.WaitingCost               .00000     .00000     .00000     .00000        693    
Seize Dish Service.Queue.WaitingTime        4.7633E-04 3.8272E-04 .00000     .01931        693    
Seize Dish Service.Queue.WaitingCost        .00000     .00000     .00000     .00000        693    
Seize Service.Queue.WaitingTime             .00504     (Corr)     .00000     .09629        693    
Seize Service.Queue.WaitingCost             .00000     .00000     .00000     .00000        693    
CookBatch.Queue.WaitingTime                 .08950     (Corr)     .00000     .56991       2303    
CookBatch.Queue.WaitingCost                 .00000     .00000     .00000     .00000       2303    
Enter Cafe.Queue.WaitingTime                    --         --         --         --          0
Enter Cafe.Queue.WaitingCost                    --         --         --         --          0
Seize Cook.Queue.WaitingTime                .10232     (Corr)     .00000     .38453       1610    
Seize Cook.Queue.WaitingCost                .00000     .00000     .00000     .00000       1610    
Seize Bar.Queue.WaitingTime                 .00000     .00000     .00000     .00000        693    
Seize Bar.Queue.WaitingCost                 .00000     .00000     .00000     .00000        693    

                                     DISCRETE-CHANGE VARIABLES

Identifier                                  Average   Half Width  Minimum    Maximum   Final Value
___________________________________________________________________________________________________

Client.WIP                                  115.69     (Corr)     .00000     389.00     5.0000    
Table.NumberBusy                            69.986     (Corr)     .00000     250.00     3.0000    
Table.NumberScheduled                       250.00     (Insuf)    250.00     250.00     250.00    
Table.Utilization                           .27995     (Corr)     .00000     1.0000     .01200    
Bar.NumberBusy                              .00000     (Insuf)    .00000     4.0000     .00000    
Bar.NumberScheduled                         40.000     (Insuf)    40.000     40.000     40.000    
Bar.Utilization                             .00000     (Insuf)    .00000     .10000     .00000    
Dish Service.NumberBusy                     1.0420     (Corr)     .00000     5.0000     .00000    
Dish Service.NumberScheduled                5.0000     (Insuf)    5.0000     5.0000     5.0000    
Dish Service.Utilization                    .20842     (Corr)     .00000     1.0000     .00000    
Service.NumberBusy                          2.5572     (Corr)     .00000     10.000     .00000    
Service.NumberScheduled                     10.000     (Insuf)    10.000     10.000     10.000    
Service.Utilization                         .25572     (Corr)     .00000     1.0000     .00000    
Cook.NumberBusy                             5.6953     (Corr)     .00000     15.000     .00000    
Cook.NumberScheduled                        15.000     (Insuf)    15.000     15.000     15.000    
Cook.Utilization                            .37969     (Corr)     .00000     1.0000     .00000    
Seize Table.Queue.NumberInQueue             .00000     (Insuf)    .00000     .00000     .00000    
Seize Dish Service.Queue.NumberInQueue      .01375     (Insuf)    .00000     4.0000     .00000    
Seize Service.Queue.NumberInQueue           .14546     (Insuf)    .00000     10.000     .00000    
CookBatch.Queue.NumberInQueue               8.5879     (Corr)     .00000     51.000     .00000    
Enter Cafe.Queue.NumberInQueue              .00000     (Insuf)    .00000     .00000     .00000    
Seize Cook.Queue.NumberInQueue              6.8641     (Corr)     .00000     73.000     .00000    
Seize Bar.Queue.NumberInQueue               .00000     (Insuf)    .00000     .00000     .00000    

                                             OUTPUTS

Identifier                                   Value
_____________________________________________________________

Client.NumberIn                             2996.0    
Client.NumberOut                            2991.0    
Table.NumberSeized                          1610.0    
Table.ScheduledUtilization                  .27995    
Table.BusyCost                              .00000    
Table.IdleCost                              .00000    
Table.UsageCost                             .00000    
Bar.NumberSeized                            1610.0    
Bar.ScheduledUtilization                    .00000    
Bar.BusyCost                                .00000    
Bar.IdleCost                                .00000    
Bar.UsageCost                               .00000    
Dish Service.NumberSeized                   693.00    
Dish Service.ScheduledUtilization           .20842    
Dish Service.BusyCost                       .00000    
Dish Service.IdleCost                       .00000    
Dish Service.UsageCost                      .00000    
Service.NumberSeized                        693.00    
Service.ScheduledUtilization                .25572    
Service.BusyCost                            .00000    
Service.IdleCost                            .00000    
Service.UsageCost                           .00000    
Cook.NumberSeized                           1610.0    
Cook.ScheduledUtilization                   .37969    
Cook.BusyCost                               .00000    
Cook.IdleCost                               .00000    
Cook.UsageCost                              .00000    
All Entities.VACost                         .00000    
All Entities.NVACost                        .00000    
All Entities.WaitCost                       .00000    
All Entities.TranCost                       .00000    
All Entities.OtherCost                      .00000    
All Entities.TotalCost                      .00000    
All Resources.BusyCost                      .00000    
All Resources.IdleCost                      .00000    
All Resources.UsageCost                     .00000    
All Resources.TotalCost                     .00000    
System.TotalCost                            .00000    
System.NumberOut                            692.00    


Simulation run time: 0.15 minutes.
Simulation run complete.
