
                                      ARENA Simulation Results
                                                 HSR

                                  Summary for Replication 1 of 3

Project: HardRock                                                    Run execution date : 5/29/2013
Analyst: HSR                                                         Model revision date: 5/29/2013

Replication ended at time      : 14.0 Hours 
Base Time Units: Hours

                                           TALLY VARIABLES

Identifier                                  Average   Half Width  Minimum    Maximum   Observations
___________________________________________________________________________________________________

Record At Table                             .06959     (Corr)     .01682     .33854        763    
Record eating time                          .64137     .01327     .27398     .98693        762    
Record Total                                1.1906     (Corr)     .61470     1.9306        762    
Record Wait For Dish                        .29678     (Corr)     .06402     .61954        763    
Record Ordering                             .13312     .00163     .07738     .19308        763    
Client.VATime                               .04959     .00139     .01668     .08311        762    
Client.NVATime                              .00000     .00000     .00000     .00000        762    
Client.WaitTime                             1.3659     (Corr)     .44489     3.0745        762    
Client.TranTime                             .00000     .00000     .00000     .00000        762    
Client.OtherTime                            .38793     .00534     .18538     .72496        762    
Client.TotalTime                            1.1906     (Corr)     .61470     1.9306        762    
Client.VACost                               .00000     .00000     .00000     .00000        762    
Client.NVACost                              .00000     .00000     .00000     .00000        762    
Client.WaitCost                             .77459     .02044     .16874     1.3329        762    
Client.TranCost                             .00000     .00000     .00000     .00000        762    
Client.OtherCost                            8.4725     .13715     3.0713     16.604        762    
Client.TotalCost                            9.2471     .13215     3.4934     17.917        762    
Seize Table.Queue.WaitingTime               .01932     (Corr)     .00000     .24076        763    
Seize Table.Queue.WaitingCost               .00000     .00000     .00000     .00000        763    
Seize Dish Service.Queue.WaitingTime        .00000     .00000     .00000     .00000        763    
Seize Dish Service.Queue.WaitingCost        .00000     .00000     .00000     .00000        763    
Seize Service.Queue.WaitingTime             .00000     .00000     .00000     .00000        763    
Seize Service.Queue.WaitingCost             .00000     .00000     .00000     .00000        763    
CookBatch.Queue.WaitingTime                 .09274     (Corr)     .00000     .57007       2548    
CookBatch.Queue.WaitingCost                 .00000     .00000     .00000     .00000       2548    
Enter Cafe.Queue.WaitingTime                    --         --         --         --          0
Enter Cafe.Queue.WaitingCost                    --         --         --         --          0
Seize Cook.Queue.WaitingTime                .15171     (Corr)     .00000     .42809       1785    
Seize Cook.Queue.WaitingCost                .00000     .00000     .00000     .00000       1785    
Seize Bar.Queue.WaitingTime                 .00122     (Corr)     .00000     .07988        763    
Seize Bar.Queue.WaitingCost                 .00000     .00000     .00000     .00000        763    

                                     DISCRETE-CHANGE VARIABLES

Identifier                                  Average   Half Width  Minimum    Maximum   Final Value
___________________________________________________________________________________________________

Client.WIP                                  231.51     (Corr)     .00000     436.00     5.0000    
Table.NumberBusy                            144.20     (Corr)     .00000     250.00     3.0000    
Table.NumberScheduled                       250.00     (Insuf)    250.00     250.00     250.00    
Table.Utilization                           .57682     (Corr)     .00000     1.0000     .01200    
Bar.NumberBusy                              2.5762     (Insuf)    .00000     40.000     .00000    
Bar.NumberScheduled                         40.000     (Insuf)    40.000     40.000     40.000    
Bar.Utilization                             .06441     (Insuf)    .00000     1.0000     .00000    
Dish Service.NumberBusy                     2.1109     (Corr)     .00000     8.0000     .00000    
Dish Service.NumberScheduled                20.000     (Insuf)    3.0000     20.000     20.000    
Dish Service.Utilization                    .10555     (Corr)     .00000     .40000     .00000    
Service.NumberBusy                          7.2551     (Corr)     .00000     21.000     .00000    
Service.NumberScheduled                     25.000     (Insuf)    10.000     25.000     25.000    
Service.Utilization                         .29021     (Corr)     .00000     .84000     .00000    
Cook.NumberBusy                             11.218     (Corr)     .00000     16.000     .00000    
Cook.NumberScheduled                        16.000     (Insuf)    16.000     16.000     16.000    
Cook.Utilization                            .70115     (Corr)     .00000     1.0000     .00000    
Seize Table.Queue.NumberInQueue             1.0527     (Insuf)    .00000     16.000     .00000    
Seize Dish Service.Queue.NumberInQueue      .00000     (Insuf)    .00000     .00000     .00000    
Seize Service.Queue.NumberInQueue           .00000     (Insuf)    .00000     .00000     .00000    
CookBatch.Queue.NumberInQueue               16.878     (Corr)     .00000     50.000     .00000    
Enter Cafe.Queue.NumberInQueue              .00000     (Insuf)    .00000     .00000     .00000    
Seize Cook.Queue.NumberInQueue              19.342     (Corr)     .00000     78.000     .00000    
Seize Bar.Queue.NumberInQueue               .06624     (Insuf)    .00000     7.0000     .00000    

                                             COUNTERS

Identifier                                    Count   Limit
_____________________________________________________________

Record Sales                                  64614  Infinite
Record Overflow                                   0  Infinite
Record Guests                                  1782  Infinite

                                             OUTPUTS

Identifier                                   Value
_____________________________________________________________

