Z:\Temp\BA\Models\Arena\GitHub\Model12.doe
29.05.2013 11:28:31
Objective:  Sale-Cost: [Record Sales] - [All Resources.TotalCost]
  
Simulation: 1   ****NEW BEST SOLUTION****
29.05.2013 11:29:23
Number of Replications: 100
  
Values of Decision Variables
Cook:  14
Dish Service:  3
Service:  9
  
Values of Output Variables
All Resources.TotalCost:  8890
Record Guests:  1755.11
Record Overflow:  21.72
Record Sales:  63938.45
Record Wait For Dish:  0.194472941202368
  
Sale-Cost:  55048.45(Best = 55048.45)
  
  
Simulation: 2
29.05.2013 11:30:18
Number of Replications: 100
  
Values of Decision Variables
Cook:  13
Dish Service:  11
Service:  13
  
Values of Output Variables
All Resources.TotalCost:  12180
Record Guests:  1715.94
Record Overflow:  35.8
Record Sales:  62569.82
Record Wait For Dish:  0.521317609902208
  
Sale-Cost:  50389.82(Best = 55048.45)
  
  
Simulation: 3
29.05.2013 11:31:02
Number of Replications: 100
  
Values of Decision Variables
Cook:  1
Dish Service:  1
Service:  1
  
Values of Output Variables
All Resources.TotalCost:  977.03011018755
Record Guests:  145.79
Record Overflow:  1330.87
Record Sales:  5339.89
Record Wait For Dish:  2.64930474640371
  
Sale-Cost:  4362.85988981245(Best = 55048.45)
  
  
Simulation: 4
29.05.2013 11:31:55
Number of Replications: 100
  
Values of Decision Variables
Cook:  25
Dish Service:  20
Service:  25
  
Values of Output Variables
All Resources.TotalCost:  23100
Record Guests:  1771.19
Record Overflow:  0
Record Sales:  64512.49
Record Wait For Dish:  0.149014165362527
  
Sale-Cost:  41412.49(Best = 55048.45)
  
  
Simulation: 5
29.05.2013 11:32:39
Number of Replications: 100
  
Values of Decision Variables
Cook:  2
Dish Service:  3
Service:  23
  
Values of Output Variables
All Resources.TotalCost:  9585.14045660727
Record Guests:  293.34
Record Overflow:  1201.04
Record Sales:  10659.4
Record Wait For Dish:  5.72101675132157
  
Sale-Cost:  1074.25954339273(Best = 55048.45)
  
  
Simulation: 6
29.05.2013 11:33:24
Number of Replications: 100
  
Values of Decision Variables
Cook:  4
Dish Service:  19
Service:  4
  
Values of Output Variables
All Resources.TotalCost:  8109.52328476862
Record Guests:  585.39
Record Overflow:  929.31
Record Sales:  21352.21
Record Wait For Dish:  2.57139231477639
  
Sale-Cost:  13242.6867152314(Best = 55048.45)
  
  
Simulation: 7
29.05.2013 11:34:11
Number of Replications: 100
  
Values of Decision Variables
Cook:  4
Dish Service:  18
Service:  22
  
Values of Output Variables
All Resources.TotalCost:  14130.4375137887
Record Guests:  584.33
Record Overflow:  938.82
Record Sales:  21265.31
Record Wait For Dish:  3.55022993410252
  
Sale-Cost:  7134.87248621128(Best = 55048.45)
  
  
Simulation: 8
29.05.2013 11:34:59
Number of Replications: 100
  
Values of Decision Variables
Cook:  19
Dish Service:  2
Service:  23
  
Values of Output Variables
All Resources.TotalCost:  15259.5485530903
Record Guests:  1579.88
Record Overflow:  122.51
Record Sales:  57605.17
Record Wait For Dish:  0.792978550742004
  
Sale-Cost:  42345.6214469097(Best = 55048.45)
  
  
Simulation: 9
29.05.2013 11:35:48
Number of Replications: 100
  
Values of Decision Variables
Cook:  22
Dish Service:  19
Service:  9
  
Values of Output Variables
All Resources.TotalCost:  16170
Record Guests:  1755.6
Record Overflow:  17.37
Record Sales:  63953.97
Record Wait For Dish:  0.146048586467245
  
Sale-Cost:  47783.97(Best = 55048.45)
  
  
Simulation: 10
29.05.2013 11:36:37
Number of Replications: 100
  
Values of Decision Variables
Cook:  23
Dish Service:  11
Service:  21
  
Values of Output Variables
All Resources.TotalCost:  18480
Record Guests:  1787.46
Record Overflow:  0.08
Record Sales:  65140.78
Record Wait For Dish:  0.152968839804549
  
Sale-Cost:  46660.78(Best = 55048.45)
  
  
Simulation: 11
29.05.2013 11:37:26
Number of Replications: 100
  
Values of Decision Variables
Cook:  24
Dish Service:  8
Service:  6
  
Values of Output Variables
All Resources.TotalCost:  12717.5537178559
Record Guests:  1360.14
Record Overflow:  290.16
Record Sales:  49644.04
Record Wait For Dish:  0.14614560649074
  
Sale-Cost:  36926.4862821441(Best = 55048.45)
  
  
Simulation: 12
29.05.2013 11:38:10
Number of Replications: 100
  
Values of Decision Variables
Cook:  2
Dish Service:  10
Service:  14
  
Values of Output Variables
All Resources.TotalCost:  8395.26840989974
Record Guests:  292.78
Record Overflow:  1198.99
Record Sales:  10667.79
Record Wait For Dish:  5.71552177444387
  
Sale-Cost:  2272.52159010026(Best = 55048.45)
  
  
Simulation: 13
29.05.2013 11:39:01
Number of Replications: 100
  
Values of Decision Variables
Cook:  15
Dish Service:  18
Service:  21
  
Values of Output Variables
All Resources.TotalCost:  17640
Record Guests:  1776.27
Record Overflow:  6.67
Record Sales:  64781.52
Record Wait For Dish:  0.36275249152839
  
Sale-Cost:  47141.52(Best = 55048.45)
  
  
Simulation: 14
29.05.2013 11:39:53
Number of Replications: 100
  
Values of Decision Variables
Cook:  10
Dish Service:  19
Service:  12
  
Values of Output Variables
All Resources.TotalCost:  13007.2119243819
Record Guests:  1450.56
Record Overflow:  199.51
Record Sales:  52947.41
Record Wait For Dish:  1.00392112855896
  
Sale-Cost:  39940.1980756181(Best = 55048.45)
  
  
Simulation: 15
29.05.2013 11:40:44
Number of Replications: 100
  
Values of Decision Variables
Cook:  14
Dish Service:  6
Service:  10
  
Values of Output Variables
All Resources.TotalCost:  10080
Record Guests:  1766.44
Record Overflow:  18.78
Record Sales:  64416.13
Record Wait For Dish:  0.318408395284768
  
Sale-Cost:  54336.13(Best = 55048.45)
  
  
Simulation: 16
29.05.2013 11:41:31
Number of Replications: 100
  
Values of Decision Variables
Cook:  14
Dish Service:  1
Service:  9
  
Values of Output Variables
All Resources.TotalCost:  8326.47743699044
Record Guests:  805.59
Record Overflow:  756.12
Record Sales:  29384.09
Record Wait For Dish:  2.53867776725367
  
Sale-Cost:  21057.6125630096(Best = 55048.45)
  
  
Simulation: 17
29.05.2013 11:42:19
Number of Replications: 100
  
Values of Decision Variables
Cook:  14
Dish Service:  2
Service:  8
  
Values of Output Variables
All Resources.TotalCost:  8259.54164324072
Record Guests:  1571.23
Record Overflow:  117.92
Record Sales:  57281.65
Record Wait For Dish:  0.485879048396517
  
Sale-Cost:  49022.1083567593(Best = 55048.45)
  
  
Simulation: 18
29.05.2013 11:43:09
Number of Replications: 100
  
Values of Decision Variables
Cook:  13
Dish Service:  10
Service:  13
  
Values of Output Variables
All Resources.TotalCost:  11900
Record Guests:  1715.94
Record Overflow:  35.8
Record Sales:  62569.82
Record Wait For Dish:  0.521317609902208
  
Sale-Cost:  50669.82(Best = 55048.45)
  
  
Simulation: 19
29.05.2013 11:44:00
Number of Replications: 100
  
Values of Decision Variables
Cook:  14
Dish Service:  3
Service:  13
  
Values of Output Variables
All Resources.TotalCost:  10290
Record Guests:  1753
Record Overflow:  18.78
Record Sales:  63909.04
Record Wait For Dish:  0.432538691754633
  
Sale-Cost:  53619.04(Best = 55048.45)
  
  
Simulation: 20
29.05.2013 11:44:51
Number of Replications: 100
  
Values of Decision Variables
Cook:  13
Dish Service:  11
Service:  9
  
Values of Output Variables
All Resources.TotalCost:  10780
Record Guests:  1720.1
Record Overflow:  42.6
Record Sales:  62690.34
Record Wait For Dish:  0.30867995724524
  
Sale-Cost:  51910.34(Best = 55048.45)
  
  
Simulation: 21
29.05.2013 11:45:38
Number of Replications: 100
  
Values of Decision Variables
Cook:  14
Dish Service:  1
Service:  8
  
Values of Output Variables
All Resources.TotalCost:  7976.92584947502
Record Guests:  806.85
Record Overflow:  750.49
Record Sales:  29407.51
Record Wait For Dish:  2.51703735712644
  
Sale-Cost:  21430.584150525(Best = 55048.45)
  
  
Simulation: 22
29.05.2013 11:46:30
Number of Replications: 100
  
Values of Decision Variables
Cook:  16
Dish Service:  8
Service:  9
  
Values of Output Variables
All Resources.TotalCost:  10990
Record Guests:  1755.82
Record Overflow:  19.06
Record Sales:  64027.22
Record Wait For Dish:  0.150232204085613
  
Sale-Cost:  53037.22(Best = 55048.45)
  
  
Simulation: 23
29.05.2013 11:47:25
Number of Replications: 100
  
Values of Decision Variables
Cook:  14
Dish Service:  7
Service:  14
  
Values of Output Variables
All Resources.TotalCost:  11760
Record Guests:  1756.55
Record Overflow:  19.54
Record Sales:  64021.37
Record Wait For Dish:  0.434158266365857
  
Sale-Cost:  52261.37(Best = 55048.45)
  
  
Simulation: 24
29.05.2013 11:48:19
Number of Replications: 100
  
Values of Decision Variables
Cook:  18
Dish Service:  3
Service:  13
  
Values of Output Variables
All Resources.TotalCost:  11690
Record Guests:  1781.68
Record Overflow:  4.74
Record Sales:  64924.12
Record Wait For Dish:  0.260338446452612
  
Sale-Cost:  53234.12(Best = 55048.45)
  
  
Simulation: 25
29.05.2013 11:49:12
Number of Replications: 100
  
Values of Decision Variables
Cook:  15
Dish Service:  12
Service:  13
  
Values of Output Variables
All Resources.TotalCost:  13160
Record Guests:  1784.14
Record Overflow:  9.62
Record Sales:  65087.49
Record Wait For Dish:  0.354852044007808
  
Sale-Cost:  51927.49(Best = 55048.45)
  
  
Simulation: 26
29.05.2013 11:50:03
Number of Replications: 100
  
Values of Decision Variables
Cook:  13
Dish Service:  12
Service:  17
  
Values of Output Variables
All Resources.TotalCost:  13860
Record Guests:  1712.64
Record Overflow:  31.89
Record Sales:  62449.38
Record Wait For Dish:  0.53026093862405
  
Sale-Cost:  48589.38(Best = 55048.45)
  
  
Simulation: 27
29.05.2013 11:50:53
Number of Replications: 100
  
Values of Decision Variables
Cook:  17
Dish Service:  11
Service:  16
  
Values of Output Variables
All Resources.TotalCost:  14630
Record Guests:  1783.03
Record Overflow:  1.28
Record Sales:  64961.02
Record Wait For Dish:  0.240449727483571
  
Sale-Cost:  50331.02(Best = 55048.45)
  
  
Simulation: 28
29.05.2013 11:51:41
Number of Replications: 100
  
Values of Decision Variables
Cook:  21
Dish Service:  19
Service:  11
  
Values of Output Variables
All Resources.TotalCost:  16520
Record Guests:  1766.97
Record Overflow:  0.29
Record Sales:  64422.9
Record Wait For Dish:  0.146980364066994
  
Sale-Cost:  47902.9(Best = 55048.45)
  
  
Simulation: 29
29.05.2013 11:52:30
Number of Replications: 100
  
Values of Decision Variables
Cook:  22
Dish Service:  19
Service:  12
  
Values of Output Variables
All Resources.TotalCost:  17220
Record Guests:  1762.52
Record Overflow:  0.15
Record Sales:  64206.42
Record Wait For Dish:  0.147183344870251
  
Sale-Cost:  46986.42(Best = 55048.45)
  
  
Simulation: 30
29.05.2013 11:53:20
Number of Replications: 100
  
Values of Decision Variables
Cook:  19
Dish Service:  15
Service:  21
  
Values of Output Variables
All Resources.TotalCost:  18200
Record Guests:  1779.77
Record Overflow:  0
Record Sales:  64853.67
Record Wait For Dish:  0.182931181460841
  
Sale-Cost:  46653.67(Best = 55048.45)
  
  
Simulation: 31
29.05.2013 11:54:11
Number of Replications: 100
  
Values of Decision Variables
Cook:  17
Dish Service:  12
Service:  15
  
Values of Output Variables
All Resources.TotalCost:  14560
Record Guests:  1792.18
Record Overflow:  0.82
Record Sales:  65361.59
Record Wait For Dish:  0.241683929850215
  
Sale-Cost:  50801.59(Best = 55048.45)
  
  
Simulation: 32
29.05.2013 11:55:03
Number of Replications: 100
  
Values of Decision Variables
Cook:  14
Dish Service:  2
Service:  9
  
Values of Output Variables
All Resources.TotalCost:  8609.4453960446
Record Guests:  1572.24
Record Overflow:  116.23
Record Sales:  57233.59
Record Wait For Dish:  0.681314376746166
  
Sale-Cost:  48624.1446039554(Best = 55048.45)
  
  
Simulation: 33
29.05.2013 11:55:56
Number of Replications: 100
  
Values of Decision Variables
Cook:  14
Dish Service:  3
Service:  10
  
Values of Output Variables
All Resources.TotalCost:  9240
Record Guests:  1761
Record Overflow:  26.52
Record Sales:  64243.31
Record Wait For Dish:  0.325946706899855
  
Sale-Cost:  55003.31(Best = 55048.45)
  
  
Simulation: 34
29.05.2013 11:56:47
Number of Replications: 100
  
Values of Decision Variables
Cook:  14
Dish Service:  6
Service:  9
  
Values of Output Variables
All Resources.TotalCost:  9730
Record Guests:  1750.97
Record Overflow:  19.39
Record Sales:  63897.86
Record Wait For Dish:  0.186580739721982
  
Sale-Cost:  54167.86(Best = 55048.45)
  
  
Simulation: 35
29.05.2013 11:57:39
Number of Replications: 100
  
Values of Decision Variables
Cook:  16
Dish Service:  3
Service:  11
  
Values of Output Variables
All Resources.TotalCost:  10290
Record Guests:  1785.53
Record Overflow:  6.96
Record Sales:  65061.24
Record Wait For Dish:  0.247696259116397
  
Sale-Cost:  54771.24(Best = 55048.45)
  
  
Simulation: 36
29.05.2013 11:58:39
Number of Replications: 100
  
Values of Decision Variables
Cook:  15
Dish Service:  5
Service:  9
  
Values of Output Variables
All Resources.TotalCost:  9800
Record Guests:  1760.17
Record Overflow:  13.92
Record Sales:  64223.59
Record Wait For Dish:  0.156451319706063
  
Sale-Cost:  54423.59(Best = 55048.45)
  
  
Simulation: 37
29.05.2013 11:59:41
Number of Replications: 100
  
Values of Decision Variables
Cook:  14
Dish Service:  5
Service:  11
  
Values of Output Variables
All Resources.TotalCost:  10150
Record Guests:  1762.01
Record Overflow:  19.46
Record Sales:  64279.57
Record Wait For Dish:  0.390390459334993
  
Sale-Cost:  54129.57(Best = 55048.45)
  
  
Simulation: 38
29.05.2013 12:00:39
Number of Replications: 100
  
Values of Decision Variables
Cook:  15
Dish Service:  5
Service:  10
  
Values of Output Variables
All Resources.TotalCost:  10150
Record Guests:  1770.22
Record Overflow:  5.74
Record Sales:  64509.95
Record Wait For Dish:  0.211793357226993
  
Sale-Cost:  54359.95(Best = 55048.45)
  
  
Simulation: 39
29.05.2013 12:01:33
Number of Replications: 100
  
Values of Decision Variables
Cook:  15
Dish Service:  7
Service:  10
  
Values of Output Variables
All Resources.TotalCost:  10710
Record Guests:  1774.16
Record Overflow:  7.97
Record Sales:  64671.87
Record Wait For Dish:  0.211241721751096
  
Sale-Cost:  53961.87(Best = 55048.45)
  
  
Simulation: 40
29.05.2013 12:02:27
Number of Replications: 100
  
Values of Decision Variables
Cook:  15
Dish Service:  4
Service:  12
  
Values of Output Variables
All Resources.TotalCost:  10570
Record Guests:  1762.46
Record Overflow:  4.98
Record Sales:  64281.81
Record Wait For Dish:  0.324841734263766
  
Sale-Cost:  53711.81(Best = 55048.45)
  
  
Simulation: 41
29.05.2013 12:03:24
Number of Replications: 100
  
Values of Decision Variables
Cook:  17
Dish Service:  5
Service:  12
  
Values of Output Variables
All Resources.TotalCost:  11550
Record Guests:  1776.19
Record Overflow:  1.2
Record Sales:  64809.51
Record Wait For Dish:  0.203886360401372
  
Sale-Cost:  53259.51(Best = 55048.45)
  
  
Simulation: 42
29.05.2013 12:04:19
Number of Replications: 100
  
Values of Decision Variables
Cook:  15
Dish Service:  5
Service:  11
  
Values of Output Variables
All Resources.TotalCost:  10500
Record Guests:  1768.79
Record Overflow:  11.15
Record Sales:  64538.42
Record Wait For Dish:  0.301078955075597
  
Sale-Cost:  54038.42(Best = 55048.45)
  
  
Simulation: 43
29.05.2013 12:05:04
Number of Replications: 100
  
Values of Decision Variables
Cook:  14
Dish Service:  3
Service:  1
  
Values of Output Variables
All Resources.TotalCost:  6085.84141073269
Record Guests:  227.73
Record Overflow:  1273.95
Record Sales:  8321.1
Record Wait For Dish:  0.146182080884696
  
Sale-Cost:  2235.25858926731(Best = 55048.45)
  
  
Simulation: 44
29.05.2013 12:06:02
Number of Replications: 100
  
Values of Decision Variables
Cook:  15
Dish Service:  3
Service:  9
  
Values of Output Variables
All Resources.TotalCost:  9240
Record Guests:  1758.65
Record Overflow:  25.65
Record Sales:  64027.46
Record Wait For Dish:  0.165545275382009
  
Sale-Cost:  54787.46(Best = 55048.45)
  
  
Simulation: 45
29.05.2013 12:06:57
Number of Replications: 100
  
Values of Decision Variables
Cook:  16
Dish Service:  4
Service:  10
  
Values of Output Variables
All Resources.TotalCost:  10220
Record Guests:  1767.22
Record Overflow:  5
Record Sales:  64373.34
Record Wait For Dish:  0.164864707252189
  
Sale-Cost:  54153.34(Best = 55048.45)
  
  
Simulation: 46   ****NEW BEST SOLUTION****
29.05.2013 12:07:52
Number of Replications: 100
  
Values of Decision Variables
Cook:  15
Dish Service:  4
Service:  10
  
Values of Output Variables
All Resources.TotalCost:  9870
Record Guests:  1784.33
Record Overflow:  11.74
Record Sales:  65132.17
Record Wait For Dish:  0.218552045480336
  
Sale-Cost:  55262.17(Best = 55262.17)
  
  
Simulation: 47
29.05.2013 12:08:46
Number of Replications: 100
  
Values of Decision Variables
Cook:  25
Dish Service:  14
Service:  20
  
Values of Output Variables
All Resources.TotalCost:  19670
Record Guests:  1779.92
Record Overflow:  0
Record Sales:  64923.31
Record Wait For Dish:  0.149225929636184
  
Sale-Cost:  45253.31(Best = 55262.17)
  
  
Simulation: 48
29.05.2013 12:09:42
Number of Replications: 100
  
Values of Decision Variables
Cook:  15
Dish Service:  3
Service:  10
  
Values of Output Variables
All Resources.TotalCost:  9590
Record Guests:  1772.58
Record Overflow:  7.35
Record Sales:  64502.92
Record Wait For Dish:  0.222328581441417
  
Sale-Cost:  54912.92(Best = 55262.17)
  
  
Simulation: 49
29.05.2013 12:10:30
Number of Replications: 100
  
Values of Decision Variables
Cook:  1
Dish Service:  17
Service:  22
  
Values of Output Variables
All Resources.TotalCost:  12807.7850515448
Record Guests:  146.53
Record Overflow:  1332.24
Record Sales:  5311.87
Record Wait For Dish:  6.3590113094339
  
Sale-Cost:  -7495.91505154477(Best = 55262.17)
  
  
Simulation: 50
29.05.2013 12:11:24
Number of Replications: 100
  
Values of Decision Variables
Cook:  22
Dish Service:  17
Service:  25
  
Values of Output Variables
All Resources.TotalCost:  21210
Record Guests:  1778.11
Record Overflow:  0.16
Record Sales:  64846.74
Record Wait For Dish:  0.155759347969012
  
Sale-Cost:  43636.74(Best = 55262.17)
  
  
Simulation: 51
29.05.2013 12:12:09
Number of Replications: 100
  
Values of Decision Variables
Cook:  1
Dish Service:  14
Service:  2
  
Values of Output Variables
All Resources.TotalCost:  4967.97503332765
Record Guests:  145.97
Record Overflow:  1348.84
Record Sales:  5315.9
Record Wait For Dish:  4.79131430497271
  
Sale-Cost:  347.924966672346(Best = 55262.17)
  
  
Simulation: 52
29.05.2013 12:12:55
Number of Replications: 100
  
Values of Decision Variables
Cook:  25
Dish Service:  14
Service:  2
  
Values of Output Variables
All Resources.TotalCost:  13362.8200411123
Record Guests:  455.37
Record Overflow:  1050.76
Record Sales:  16557.27
Record Wait For Dish:  0.146204990964812
  
Sale-Cost:  3194.44995888766(Best = 55262.17)
  
  
Simulation: 53
29.05.2013 12:13:42
Number of Replications: 100
  
Values of Decision Variables
Cook:  2
Dish Service:  2
Service:  22
  
Values of Output Variables
All Resources.TotalCost:  8955.17988372396
Record Guests:  293.2
Record Overflow:  1203.37
Record Sales:  10657.68
Record Wait For Dish:  5.72252274406239
  
Sale-Cost:  1702.50011627605(Best = 55262.17)
  
  
Simulation: 54
29.05.2013 12:14:34
Number of Replications: 100
  
Values of Decision Variables
Cook:  23
Dish Service:  5
Service:  23
  
Values of Output Variables
All Resources.TotalCost:  17500
Record Guests:  1775.45
Record Overflow:  0
Record Sales:  64676.84
Record Wait For Dish:  0.154649586220443
  
Sale-Cost:  47176.84(Best = 55262.17)
  
  
Simulation: 55
29.05.2013 12:15:20
Number of Replications: 100
  
Values of Decision Variables
Cook:  2
Dish Service:  2
Service:  3
  
Values of Output Variables
All Resources.TotalCost:  2305.17397417877
Record Guests:  292.27
Record Overflow:  1206.04
Record Sales:  10728.38
Record Wait For Dish:  4.06604439935525
  
Sale-Cost:  8423.20602582123(Best = 55262.17)
  
  
Simulation: 56
29.05.2013 12:16:13
Number of Replications: 100
  
Values of Decision Variables
Cook:  16
Dish Service:  19
Service:  12
  
Values of Output Variables
All Resources.TotalCost:  15120
Record Guests:  1773.46
Record Overflow:  3.21
Record Sales:  64723.69
Record Wait For Dish:  0.254618833508046
  
Sale-Cost:  49603.69(Best = 55262.17)
  
  
Simulation: 57
29.05.2013 12:16:57
Number of Replications: 100
  
Values of Decision Variables
Cook:  24
Dish Service:  4
Service:  1
  
Values of Output Variables
All Resources.TotalCost:  9865.8414107327
Record Guests:  227.73
Record Overflow:  1273.95
Record Sales:  8321.1
Record Wait For Dish:  0.146182080884696
  
Sale-Cost:  -1544.74141073269(Best = 55262.17)
  
  
Simulation: 58
29.05.2013 12:17:52
Number of Replications: 100
  
Values of Decision Variables
Cook:  13
Dish Service:  10
Service:  25
  
Values of Output Variables
All Resources.TotalCost:  16100
Record Guests:  1720.15
Record Overflow:  34.29
Record Sales:  62698.35
Record Wait For Dish:  0.533214407751151
  
Sale-Cost:  46598.35(Best = 55262.17)
  
  
Simulation: 59
29.05.2013 12:18:45
Number of Replications: 100
  
Values of Decision Variables
Cook:  15
Dish Service:  8
Service:  10
  
Values of Output Variables
All Resources.TotalCost:  10990
Record Guests:  1769.7
Record Overflow:  8.34
Record Sales:  64483
Record Wait For Dish:  0.211361386645225
  
Sale-Cost:  53493(Best = 55262.17)
  
  
Simulation: 60
29.05.2013 12:19:34
Number of Replications: 100
  
Values of Decision Variables
Cook:  15
Dish Service:  1
Service:  10
  
Values of Output Variables
All Resources.TotalCost:  9026.08109738883
Record Guests:  809.08
Record Overflow:  738.83
Record Sales:  29478.72
Record Wait For Dish:  2.53933186651874
  
Sale-Cost:  20452.6389026112(Best = 55262.17)
  
  
Simulation: 61
29.05.2013 12:20:25
Number of Replications: 100
  
Values of Decision Variables
Cook:  15
Dish Service:  2
Service:  9
  
Values of Output Variables
All Resources.TotalCost:  8959.50224866535
Record Guests:  1573.36
Record Overflow:  122.96
Record Sales:  57313.09
Record Wait For Dish:  0.686192342985533
  
Sale-Cost:  48353.5877513347(Best = 55262.17)
  
  
Simulation: 62
29.05.2013 12:21:23
Number of Replications: 100
  
Values of Decision Variables
Cook:  16
Dish Service:  17
Service:  12
  
Values of Output Variables
All Resources.TotalCost:  14560
Record Guests:  1773.46
Record Overflow:  3.21
Record Sales:  64723.69
Record Wait For Dish:  0.254618833508046
  
Sale-Cost:  50163.69(Best = 55262.17)
  
  
Simulation: 63
29.05.2013 12:22:16
Number of Replications: 100
  
Values of Decision Variables
Cook:  16
Dish Service:  4
Service:  11
  
Values of Output Variables
All Resources.TotalCost:  10570
Record Guests:  1774.85
Record Overflow:  3.82
Record Sales:  64624.19
Record Wait For Dish:  0.219948967363502
  
Sale-Cost:  54054.19(Best = 55262.17)
  
  
Simulation: 64
29.05.2013 12:23:11
Number of Replications: 100
  
Values of Decision Variables
Cook:  15
Dish Service:  5
Service:  12
  
Values of Output Variables
All Resources.TotalCost:  10850
Record Guests:  1769.68
Record Overflow:  6.18
Record Sales:  64477.4
Record Wait For Dish:  0.330783889891218
  
Sale-Cost:  53627.4(Best = 55262.17)
  
  
Simulation: 65
29.05.2013 12:24:05
Number of Replications: 100
  
Values of Decision Variables
Cook:  17
Dish Service:  6
Service:  17
  
Values of Output Variables
All Resources.TotalCost:  13580
Record Guests:  1784.56
Record Overflow:  1.02
Record Sales:  65069.07
Record Wait For Dish:  0.24050007100071
  
Sale-Cost:  51489.07(Best = 55262.17)
  
  
Simulation: 66
29.05.2013 12:24:59
Number of Replications: 100
  
Values of Decision Variables
Cook:  18
Dish Service:  17
Service:  15
  
Values of Output Variables
All Resources.TotalCost:  16310
Record Guests:  1777.4
Record Overflow:  0.16
Record Sales:  64827.33
Record Wait For Dish:  0.202302514556418
  
Sale-Cost:  48517.33(Best = 55262.17)
  
  
Simulation: 67
29.05.2013 12:25:54
Number of Replications: 100
  
Values of Decision Variables
Cook:  15
Dish Service:  15
Service:  13
  
Values of Output Variables
All Resources.TotalCost:  14000
Record Guests:  1784.14
Record Overflow:  9.62
Record Sales:  65087.49
Record Wait For Dish:  0.354852044007808
  
Sale-Cost:  51087.49(Best = 55262.17)
  
  
Simulation: 68
29.05.2013 12:26:47
Number of Replications: 100
  
Values of Decision Variables
Cook:  16
Dish Service:  18
Service:  18
  
Values of Output Variables
All Resources.TotalCost:  16940
Record Guests:  1771.15
Record Overflow:  2.7
Record Sales:  64505.32
Record Wait For Dish:  0.28865177320997
  
Sale-Cost:  47565.32(Best = 55262.17)
  
  
Simulation: 69
29.05.2013 12:27:40
Number of Replications: 100
  
Values of Decision Variables
Cook:  21
Dish Service:  6
Service:  24
  
Values of Output Variables
All Resources.TotalCost:  17430
Record Guests:  1781.92
Record Overflow:  0
Record Sales:  65020.15
Record Wait For Dish:  0.161402807099294
  
Sale-Cost:  47590.15(Best = 55262.17)
  
  
Simulation: 70
29.05.2013 12:28:35
Number of Replications: 100
  
Values of Decision Variables
Cook:  23
Dish Service:  7
Service:  23
  
Values of Output Variables
All Resources.TotalCost:  18060
Record Guests:  1771.87
Record Overflow:  0
Record Sales:  64614.41
Record Wait For Dish:  0.15290132474278
  
Sale-Cost:  46554.41(Best = 55262.17)
  
  
Simulation: 71
29.05.2013 12:29:29
Number of Replications: 100
  
Values of Decision Variables
Cook:  15
Dish Service:  10
Service:  25
  
Values of Output Variables
All Resources.TotalCost:  16800
Record Guests:  1771.98
Record Overflow:  5.38
Record Sales:  64593.92
Record Wait For Dish:  0.359202929736095
  
Sale-Cost:  47793.92(Best = 55262.17)
  
  
Simulation: 72
29.05.2013 12:30:22
Number of Replications: 100
  
Values of Decision Variables
Cook:  18
Dish Service:  11
Service:  19
  
Values of Output Variables
All Resources.TotalCost:  16030
Record Guests:  1774.81
Record Overflow:  0.29
Record Sales:  64680.64
Record Wait For Dish:  0.203605411290733
  
Sale-Cost:  48650.64(Best = 55262.17)
  
  
Simulation: 73
29.05.2013 12:31:17
Number of Replications: 100
  
Values of Decision Variables
Cook:  15
Dish Service:  4
Service:  11
  
Values of Output Variables
All Resources.TotalCost:  10220
Record Guests:  1761.72
Record Overflow:  6.98
Record Sales:  64168.82
Record Wait For Dish:  0.293981069391169
  
Sale-Cost:  53948.82(Best = 55262.17)
  
  
Simulation: 74
29.05.2013 12:32:01
Number of Replications: 100
  
Values of Decision Variables
Cook:  6
Dish Service:  4
Service:  1
  
Values of Output Variables
All Resources.TotalCost:  3565.84141073269
Record Guests:  227.73
Record Overflow:  1273.95
Record Sales:  8321.1
Record Wait For Dish:  0.146182080884696
  
Sale-Cost:  4755.25858926731(Best = 55262.17)
  
  
Simulation: 75
29.05.2013 12:32:53
Number of Replications: 100
  
Values of Decision Variables
Cook:  16
Dish Service:  4
Service:  12
  
Values of Output Variables
All Resources.TotalCost:  10920
Record Guests:  1771.74
Record Overflow:  1.13
Record Sales:  64508.24
Record Wait For Dish:  0.256123901106342
  
Sale-Cost:  53588.24(Best = 55262.17)
  
  
Simulation: 76
29.05.2013 12:33:46
Number of Replications: 100
  
Values of Decision Variables
Cook:  16
Dish Service:  5
Service:  11
  
Values of Output Variables
All Resources.TotalCost:  10850
Record Guests:  1770.96
Record Overflow:  1.54
Record Sales:  64527.65
Record Wait For Dish:  0.216617324599636
  
Sale-Cost:  53677.65(Best = 55262.17)
  
  
Simulation: 77
29.05.2013 12:34:40
Number of Replications: 100
  
Values of Decision Variables
Cook:  16
Dish Service:  5
Service:  14
  
Values of Output Variables
All Resources.TotalCost:  11900
Record Guests:  1778.45
Record Overflow:  1.45
Record Sales:  64755.32
Record Wait For Dish:  0.284055189569367
  
Sale-Cost:  52855.32(Best = 55262.17)
  
  
Simulation: 78
29.05.2013 12:35:34
Number of Replications: 100
  
Values of Decision Variables
Cook:  16
Dish Service:  5
Service:  12
  
Values of Output Variables
All Resources.TotalCost:  11200
Record Guests:  1787.94
Record Overflow:  3.88
Record Sales:  65203.4
Record Wait For Dish:  0.269833315636987
  
Sale-Cost:  54003.4(Best = 55262.17)
  
  
Simulation: 79
29.05.2013 12:36:27
Number of Replications: 100
  
Values of Decision Variables
Cook:  16
Dish Service:  7
Service:  10
  
Values of Output Variables
All Resources.TotalCost:  11060
Record Guests:  1770.45
Record Overflow:  2.62
Record Sales:  64522.8
Record Wait For Dish:  0.161983084378184
  
Sale-Cost:  53462.8(Best = 55262.17)
  
  
Simulation: 80
29.05.2013 12:37:19
Number of Replications: 100
  
Values of Decision Variables
Cook:  5
Dish Service:  19
Service:  24
  
Values of Output Variables
All Resources.TotalCost:  15460.8845738867
Record Guests:  732.26
Record Overflow:  810.11
Record Sales:  26711.33
Record Wait For Dish:  2.83999637313791
  
Sale-Cost:  11250.4454261133(Best = 55262.17)
  
  
Simulation: 81
29.05.2013 12:38:05
Number of Replications: 100
  
Values of Decision Variables
Cook:  6
Dish Service:  17
Service:  2
  
Values of Output Variables
All Resources.TotalCost:  7552.80197291347
Record Guests:  455.5
Record Overflow:  1063.4
Record Sales:  16588.44
Record Wait For Dish:  0.146322353647428
  
Sale-Cost:  9035.63802708653(Best = 55262.17)
  
  
Simulation: 82
29.05.2013 12:38:58
Number of Replications: 100
  
Values of Decision Variables
Cook:  21
Dish Service:  17
Service:  15
  
Values of Output Variables
All Resources.TotalCost:  17360
Record Guests:  1784.18
Record Overflow:  0.02
Record Sales:  65103.39
Record Wait For Dish:  0.15742535095963
  
Sale-Cost:  47743.39(Best = 55262.17)
  
  
Simulation: 83
29.05.2013 12:39:50
Number of Replications: 100
  
Values of Decision Variables
Cook:  23
Dish Service:  5
Service:  25
  
Values of Output Variables
All Resources.TotalCost:  18200
Record Guests:  1774.49
Record Overflow:  0
Record Sales:  64631.15
Record Wait For Dish:  0.154466706461444
  
Sale-Cost:  46431.15(Best = 55262.17)
  
  
Simulation: 84
29.05.2013 12:40:43
Number of Replications: 100
  
Values of Decision Variables
Cook:  7
Dish Service:  6
Service:  23
  
Values of Output Variables
All Resources.TotalCost:  12170.7933309142
Record Guests:  1021.57
Record Overflow:  551.98
Record Sales:  37205.23
Record Wait For Dish:  1.92031447526478
  
Sale-Cost:  25034.4366690858(Best = 55262.17)
  
  
Simulation: 85
29.05.2013 12:41:28
Number of Replications: 100
  
Values of Decision Variables
Cook:  1
Dish Service:  3
Service:  5
  
Values of Output Variables
All Resources.TotalCost:  2937.73659892273
Record Guests:  146.25
Record Overflow:  1334.3
Record Sales:  5322.92
Record Wait For Dish:  6.09041635787755
  
Sale-Cost:  2385.18340107727(Best = 55262.17)
  
  
Simulation: 86
29.05.2013 12:42:13
Number of Replications: 100
  
Values of Decision Variables
Cook:  18
Dish Service:  13
Service:  2
  
Values of Output Variables
All Resources.TotalCost:  10632.8200411123
Record Guests:  455.37
Record Overflow:  1050.76
Record Sales:  16557.27
Record Wait For Dish:  0.146204990964812
  
Sale-Cost:  5924.44995888766(Best = 55262.17)
  
  
Simulation: 87
29.05.2013 12:43:03
Number of Replications: 100
  
Values of Decision Variables
Cook:  5
Dish Service:  13
Service:  12
  
Values of Output Variables
All Resources.TotalCost:  9581.50904582994
Record Guests:  731.23
Record Overflow:  813.4
Record Sales:  26635.51
Record Wait For Dish:  2.83312380402322
  
Sale-Cost:  17054.0009541701(Best = 55262.17)
  
  
Simulation: 88
29.05.2013 12:43:58
Number of Replications: 100
  
Values of Decision Variables
Cook:  14
Dish Service:  15
Service:  23
  
Values of Output Variables
All Resources.TotalCost:  17150
Record Guests:  1773.64
Record Overflow:  21.8
Record Sales:  64696.6
Record Wait For Dish:  0.443645799564709
  
Sale-Cost:  47546.6(Best = 55262.17)
  
  
Simulation: 89
29.05.2013 12:44:47
Number of Replications: 100
  
Values of Decision Variables
Cook:  24
Dish Service:  1
Service:  10
  
Values of Output Variables
All Resources.TotalCost:  12176.6714235992
Record Guests:  811.2
Record Overflow:  747.17
Record Sales:  29649.43
Record Wait For Dish:  2.53815415606903
  
Sale-Cost:  17472.7585764008(Best = 55262.17)
  
  
Simulation: 90
29.05.2013 12:45:41
Number of Replications: 100
  
Values of Decision Variables
Cook:  15
Dish Service:  6
Service:  11
  
Values of Output Variables
All Resources.TotalCost:  10780
Record Guests:  1770.54
Record Overflow:  7.25
Record Sales:  64531.2
Record Wait For Dish:  0.293789813125522
  
Sale-Cost:  53751.2(Best = 55262.17)
  
  
Simulation: 91
29.05.2013 12:46:31
Number of Replications: 100
  
Values of Decision Variables
Cook:  15
Dish Service:  1
Service:  9
  
Values of Output Variables
All Resources.TotalCost:  8676.36021277873
Record Guests:  804.74
Record Overflow:  741.79
Record Sales:  29384.42
Record Wait For Dish:  2.54527743097259
  
Sale-Cost:  20708.0597872213(Best = 55262.17)
  
  
Simulation: 92
29.05.2013 12:47:25
Number of Replications: 100
  
Values of Decision Variables
Cook:  19
Dish Service:  15
Service:  14
  
Values of Output Variables
All Resources.TotalCost:  15750
Record Guests:  1785.86
Record Overflow:  0.44
Record Sales:  65111.65
Record Wait For Dish:  0.177716783423097
  
Sale-Cost:  49361.65(Best = 55262.17)
  
  
Simulation: 93
29.05.2013 12:48:21
Number of Replications: 100
  
Values of Decision Variables
Cook:  15
Dish Service:  17
Service:  15
  
Values of Output Variables
All Resources.TotalCost:  15260
Record Guests:  1772.39
Record Overflow:  6.97
Record Sales:  64487.3
Record Wait For Dish:  0.350898341151402
  
Sale-Cost:  49227.3(Best = 55262.17)
  
  
Simulation: 94
29.05.2013 12:49:14
Number of Replications: 100
  
Values of Decision Variables
Cook:  21
Dish Service:  4
Service:  10
  
Values of Output Variables
All Resources.TotalCost:  11970
Record Guests:  1776.05
Record Overflow:  4.37
Record Sales:  64672.08
Record Wait For Dish:  0.149008339200971
  
Sale-Cost:  52702.08(Best = 55262.17)
  
  
Simulation: 95
29.05.2013 12:50:09
Number of Replications: 100
  
Values of Decision Variables
Cook:  16
Dish Service:  4
Service:  13
  
Values of Output Variables
All Resources.TotalCost:  11270
Record Guests:  1780.4
Record Overflow:  3.68
Record Sales:  64919.04
Record Wait For Dish:  0.278933021370244
  
Sale-Cost:  53649.04(Best = 55262.17)
  
  
Simulation: 96
29.05.2013 12:51:08
Number of Replications: 100
  
Values of Decision Variables
Cook:  11
Dish Service:  4
Service:  16
  
Values of Output Variables
All Resources.TotalCost:  10563.5919363623
Record Guests:  1573.36
Record Overflow:  126.46
Record Sales:  57338.71
Record Wait For Dish:  0.806297106848286
  
Sale-Cost:  46775.1180636377(Best = 55262.17)
  
  
Simulation: 97
29.05.2013 12:52:04
Number of Replications: 100
  
Values of Decision Variables
Cook:  21
Dish Service:  16
Service:  16
  
Values of Output Variables
All Resources.TotalCost:  17430
Record Guests:  1775.12
Record Overflow:  0
Record Sales:  64627.47
Record Wait For Dish:  0.159629304202902
  
Sale-Cost:  47197.47(Best = 55262.17)
  
  
Simulation: 98
29.05.2013 12:53:02
Number of Replications: 100
  
Values of Decision Variables
Cook:  22
Dish Service:  13
Service:  16
  
Values of Output Variables
All Resources.TotalCost:  16940
Record Guests:  1770.95
Record Overflow:  0
Record Sales:  64518.43
Record Wait For Dish:  0.154242429708639
  
Sale-Cost:  47578.43(Best = 55262.17)
  
  
Simulation: 99
29.05.2013 12:53:59
Number of Replications: 100
  
Values of Decision Variables
Cook:  18
Dish Service:  14
Service:  16
  
Values of Output Variables
All Resources.TotalCost:  15820
Record Guests:  1777.47
Record Overflow:  0.3
Record Sales:  64756.03
Record Wait For Dish:  0.204504442923548
  
Sale-Cost:  48936.03(Best = 55262.17)
  
  
Simulation: 100
29.05.2013 12:54:55
Number of Replications: 100
  
Values of Decision Variables
Cook:  17
Dish Service:  10
Service:  24
  
Values of Output Variables
All Resources.TotalCost:  17150
Record Guests:  1784.17
Record Overflow:  0.71
Record Sales:  65060.65
Record Wait For Dish:  0.239050038302036
  
Sale-Cost:  47910.65(Best = 55262.17)
  
  
Simulation: 101
29.05.2013 12:55:53
Number of Replications: 100
  
Values of Decision Variables
Cook:  11
Dish Service:  11
Service:  23
  
Values of Output Variables
All Resources.TotalCost:  14973.8990488406
Record Guests:  1571.47
Record Overflow:  117.47
Record Sales:  57317.16
Record Wait For Dish:  0.804272196958838
  
Sale-Cost:  42343.2609511594(Best = 55262.17)
  
  
Simulation: 102
29.05.2013 12:56:51
Number of Replications: 100
  
Values of Decision Variables
Cook:  20
Dish Service:  5
Service:  24
  
Values of Output Variables
All Resources.TotalCost:  16800
Record Guests:  1784.22
Record Overflow:  0.19
Record Sales:  65007.58
Record Wait For Dish:  0.171164134335323
  
Sale-Cost:  48207.58(Best = 55262.17)
  
  
Simulation: 103
29.05.2013 12:57:47
Number of Replications: 100
  
Values of Decision Variables
Cook:  16
Dish Service:  9
Service:  19
  
Values of Output Variables
All Resources.TotalCost:  14770
Record Guests:  1780.78
Record Overflow:  1.31
Record Sales:  64906.22
Record Wait For Dish:  0.28923720268643
  
Sale-Cost:  50136.22(Best = 55262.17)
  
  
Simulation: 104
29.05.2013 12:58:45
Number of Replications: 100
  
Values of Decision Variables
Cook:  15
Dish Service:  6
Service:  10
  
Values of Output Variables
All Resources.TotalCost:  10430
Record Guests:  1767.4
Record Overflow:  6.45
Record Sales:  64421.89
Record Wait For Dish:  0.215129831591852
  
Sale-Cost:  53991.89(Best = 55262.17)
  
  
Simulation: 105
29.05.2013 12:59:42
Number of Replications: 100
  
Values of Decision Variables
Cook:  15
Dish Service:  5
Service:  14
  
Values of Output Variables
All Resources.TotalCost:  11550
Record Guests:  1771.95
Record Overflow:  4.87
Record Sales:  64637.99
Record Wait For Dish:  0.351249614857494
  
Sale-Cost:  53087.99(Best = 55262.17)
  
  
Simulation: 106
29.05.2013 13:00:37
Number of Replications: 100
  
Values of Decision Variables
Cook:  15
Dish Service:  6
Service:  14
  
Values of Output Variables
All Resources.TotalCost:  11830
Record Guests:  1781.43
Record Overflow:  7.86
Record Sales:  64977.35
Record Wait For Dish:  0.354785123985508
  
Sale-Cost:  53147.35(Best = 55262.17)
  
  
Simulation: 107
29.05.2013 13:01:31
Number of Replications: 100
  
Values of Decision Variables
Cook:  18
Dish Service:  4
Service:  13
  
Values of Output Variables
All Resources.TotalCost:  11970
Record Guests:  1777.35
Record Overflow:  0
Record Sales:  64911.01
Record Wait For Dish:  0.192299120900375
  
Sale-Cost:  52941.01(Best = 55262.17)
  
  
Simulation: 108
29.05.2013 13:02:24
Number of Replications: 100
  
Values of Decision Variables
Cook:  16
Dish Service:  6
Service:  16
  
Values of Output Variables
All Resources.TotalCost:  12880
Record Guests:  1781.15
Record Overflow:  3.88
Record Sales:  65034.11
Record Wait For Dish:  0.287916542822635
  
Sale-Cost:  52154.11(Best = 55262.17)
  
  
Simulation: 109
29.05.2013 13:03:15
Number of Replications: 100
  
Values of Decision Variables
Cook:  21
Dish Service:  5
Service:  13
  
Values of Output Variables
All Resources.TotalCost:  13300
Record Guests:  1785.46
Record Overflow:  0
Record Sales:  65047.34
Record Wait For Dish:  0.151593186412298
  
Sale-Cost:  51747.34(Best = 55262.17)
  
  
Simulation: 110
29.05.2013 13:03:59
Number of Replications: 100
  
Values of Decision Variables
Cook:  25
Dish Service:  1
Service:  1
  
Values of Output Variables
All Resources.TotalCost:  9376.12396469966
Record Guests:  227.67
Record Overflow:  1270.14
Record Sales:  8315.81
Record Wait For Dish:  0.146255639958315
  
Sale-Cost:  -1060.31396469966(Best = 55262.17)
  
  
Simulation: 111
29.05.2013 13:04:51
Number of Replications: 100
  
Values of Decision Variables
Cook:  17
Dish Service:  5
Service:  13
  
Values of Output Variables
All Resources.TotalCost:  11900
Record Guests:  1776.45
Record Overflow:  0.81
Record Sales:  64707.32
Record Wait For Dish:  0.226162648963921
  
Sale-Cost:  52807.32(Best = 55262.17)
  
  
Simulation: 112
29.05.2013 13:05:44
Number of Replications: 100
  
Values of Decision Variables
Cook:  15
Dish Service:  6
Service:  12
  
Values of Output Variables
All Resources.TotalCost:  11130
Record Guests:  1772.7
Record Overflow:  8.07
Record Sales:  64677.7
Record Wait For Dish:  0.333444801947811
  
Sale-Cost:  53547.7(Best = 55262.17)
  
  
Simulation: 113
29.05.2013 13:06:28
Number of Replications: 100
  
Values of Decision Variables
Cook:  25
Dish Service:  20
Service:  1
  
Values of Output Variables
All Resources.TotalCost:  14695.8414107327
Record Guests:  227.73
Record Overflow:  1273.95
Record Sales:  8321.1
Record Wait For Dish:  0.146182080884696
  
Sale-Cost:  -6374.74141073269(Best = 55262.17)
  
  
Simulation: 114
29.05.2013 13:07:15
Number of Replications: 100
  
Values of Decision Variables
Cook:  2
Dish Service:  18
Service:  4
  
Values of Output Variables
All Resources.TotalCost:  7135.23539604841
Record Guests:  292.83
Record Overflow:  1208.09
Record Sales:  10667.65
Record Wait For Dish:  4.79810565658875
  
Sale-Cost:  3532.4146039516(Best = 55262.17)
  
  
Simulation: 115
29.05.2013 13:08:09
Number of Replications: 100
  
Values of Decision Variables
Cook:  14
Dish Service:  18
Service:  24
  
Values of Output Variables
All Resources.TotalCost:  18340
Record Guests:  1767.94
Record Overflow:  20.29
Record Sales:  64454.09
Record Wait For Dish:  0.442319142573386
  
Sale-Cost:  46114.09(Best = 55262.17)
  
  
Simulation: 116
29.05.2013 13:08:57
Number of Replications: 100
  
Values of Decision Variables
Cook:  3
Dish Service:  2
Service:  23
  
Values of Output Variables
All Resources.TotalCost:  9652.69160706027
Record Guests:  437.88
Record Overflow:  1074.84
Record Sales:  15986.5
Record Wait For Dish:  4.5325867199819
  
Sale-Cost:  6333.80839293973(Best = 55262.17)
  
  
Simulation: 117
29.05.2013 13:09:49
Number of Replications: 100
  
Values of Decision Variables
Cook:  23
Dish Service:  4
Service:  24
  
Values of Output Variables
All Resources.TotalCost:  17570
Record Guests:  1781.2
Record Overflow:  0.41
Record Sales:  65000.44
Record Wait For Dish:  0.162353923567551
  
Sale-Cost:  47430.44(Best = 55262.17)
  
  
Simulation: 118
29.05.2013 13:10:41
Number of Replications: 100
  
Values of Decision Variables
Cook:  24
Dish Service:  14
Service:  13
  
Values of Output Variables
All Resources.TotalCost:  16870
Record Guests:  1779.85
Record Overflow:  0
Record Sales:  64879.9
Record Wait For Dish:  0.146850891869336
  
Sale-Cost:  48009.9(Best = 55262.17)
  
  
Simulation: 119
29.05.2013 13:11:32
Number of Replications: 100
  
Values of Decision Variables
Cook:  6
Dish Service:  11
Service:  14
  
Values of Output Variables
All Resources.TotalCost:  10071.7113901426
Record Guests:  874.91
Record Overflow:  693.07
Record Sales:  31900.04
Record Wait For Dish:  2.33259772749893
  
Sale-Cost:  21828.3286098574(Best = 55262.17)
  
  
Simulation: 120
29.05.2013 13:12:19
Number of Replications: 100
  
Values of Decision Variables
Cook:  6
Dish Service:  7
Service:  3
  
Values of Output Variables
All Resources.TotalCost:  5098.9484066505
Record Guests:  683.29
Record Overflow:  857.08
Record Sales:  25011.01
Record Wait For Dish:  0.153997010188021
  
Sale-Cost:  19912.0615933495(Best = 55262.17)
  
  
Simulation: 121
29.05.2013 13:13:04
Number of Replications: 100
  
Values of Decision Variables
Cook:  23
Dish Service:  7
Service:  2
  
Values of Output Variables
All Resources.TotalCost:  10702.8200411123
Record Guests:  455.37
Record Overflow:  1050.76
Record Sales:  16557.27
Record Wait For Dish:  0.146204990964812
  
Sale-Cost:  5854.44995888766(Best = 55262.17)
  
  
Simulation: 122
29.05.2013 13:13:49
Number of Replications: 100
  
Values of Decision Variables
Cook:  16
Dish Service:  14
Service:  2
  
Values of Output Variables
All Resources.TotalCost:  10212.8200411123
Record Guests:  455.37
Record Overflow:  1050.76
Record Sales:  16557.27
Record Wait For Dish:  0.146204990964812
  
Sale-Cost:  6344.44995888766(Best = 55262.17)
  
  
Simulation: 123
29.05.2013 13:14:41
Number of Replications: 100
  
Values of Decision Variables
Cook:  17
Dish Service:  4
Service:  10
  
Values of Output Variables
All Resources.TotalCost:  10570
Record Guests:  1773.54
Record Overflow:  3.65
Record Sales:  64677.98
Record Wait For Dish:  0.154181703142385
  
Sale-Cost:  54107.98(Best = 55262.17)
  
  
Simulation: 124
29.05.2013 13:15:34
Number of Replications: 100
  
Values of Decision Variables
Cook:  13
Dish Service:  4
Service:  9
  
Values of Output Variables
All Resources.TotalCost:  8820
Record Guests:  1711.98
Record Overflow:  33.94
Record Sales:  62312.36
Record Wait For Dish:  0.303947768502606
  
Sale-Cost:  53492.36(Best = 55262.17)
  
  
Simulation: 125
29.05.2013 13:16:28
Number of Replications: 100
  
Values of Decision Variables
Cook:  11
Dish Service:  3
Service:  9
  
Values of Output Variables
All Resources.TotalCost:  7834.37888637418
Record Guests:  1573.6
Record Overflow:  110.67
Record Sales:  57360.51
Record Wait For Dish:  0.676544855834002
  
Sale-Cost:  49526.1311136258(Best = 55262.17)
  
  
Simulation: 126
29.05.2013 13:17:20
Number of Replications: 100
  
Values of Decision Variables
Cook:  22
Dish Service:  11
Service:  13
  
Values of Output Variables
All Resources.TotalCost:  15330
Record Guests:  1777.03
Record Overflow:  0
Record Sales:  64863.77
Record Wait For Dish:  0.148381361477066
  
Sale-Cost:  49533.77(Best = 55262.17)
  
  
Simulation: 127
29.05.2013 13:18:13
Number of Replications: 100
  
Values of Decision Variables
Cook:  24
Dish Service:  4
Service:  10
  
Values of Output Variables
All Resources.TotalCost:  13020
Record Guests:  1776.15
Record Overflow:  3.01
Record Sales:  64766.64
Record Wait For Dish:  0.148651864165998
  
Sale-Cost:  51746.64(Best = 55262.17)
  
  
Simulation: 128
29.05.2013 13:19:07
Number of Replications: 100
  
Values of Decision Variables
Cook:  15
Dish Service:  14
Service:  13
  
Values of Output Variables
All Resources.TotalCost:  13720
Record Guests:  1784.14
Record Overflow:  9.62
Record Sales:  65087.49
Record Wait For Dish:  0.354852044007808
  
Sale-Cost:  51367.49(Best = 55262.17)
  
  
Simulation: 129
29.05.2013 13:19:56
Number of Replications: 100
  
Values of Decision Variables
Cook:  12
Dish Service:  1
Service:  9
  
Values of Output Variables
All Resources.TotalCost:  7627.01965265327
Record Guests:  809.38
Record Overflow:  737.38
Record Sales:  29503.71
Record Wait For Dish:  2.53050877878286
  
Sale-Cost:  21876.6903473467(Best = 55262.17)
  
  
Simulation: 130
29.05.2013 13:20:48
Number of Replications: 100
  
Values of Decision Variables
Cook:  17
Dish Service:  4
Service:  11
  
Values of Output Variables
All Resources.TotalCost:  10920
Record Guests:  1777.16
Record Overflow:  1.79
Record Sales:  64806.57
Record Wait For Dish:  0.174011803063254
  
Sale-Cost:  53886.57(Best = 55262.17)
  
  
Simulation: 131
29.05.2013 13:21:44
Number of Replications: 100
  
Values of Decision Variables
Cook:  12
Dish Service:  5
Service:  11
  
Values of Output Variables
All Resources.TotalCost:  9449.9301374446
Record Guests:  1654.73
Record Overflow:  73.54
Record Sales:  60402.37
Record Wait For Dish:  0.624873212832774
  
Sale-Cost:  50952.4398625554(Best = 55262.17)
  
  
Simulation: 132
29.05.2013 13:22:44
Number of Replications: 100
  
Values of Decision Variables
Cook:  24
Dish Service:  11
Service:  15
  
Values of Output Variables
All Resources.TotalCost:  16730
Record Guests:  1775.06
Record Overflow:  0
Record Sales:  64722.04
Record Wait For Dish:  0.148120042952353
  
Sale-Cost:  47992.04(Best = 55262.17)
  
  
Simulation: 133
29.05.2013 13:23:45
Number of Replications: 100
  
Values of Decision Variables
Cook:  24
Dish Service:  14
Service:  17
  
Values of Output Variables
All Resources.TotalCost:  18270
Record Guests:  1773.42
Record Overflow:  0
Record Sales:  64667.89
Record Wait For Dish:  0.149494224008644
  
Sale-Cost:  46397.89(Best = 55262.17)
  
  
Simulation: 134
29.05.2013 13:24:46
Number of Replications: 100
  
Values of Decision Variables
Cook:  16
Dish Service:  13
Service:  13
  
Values of Output Variables
All Resources.TotalCost:  13790
Record Guests:  1769.14
Record Overflow:  1.28
Record Sales:  64526.23
Record Wait For Dish:  0.270190833248852
  
Sale-Cost:  50736.23(Best = 55262.17)
  
  
Simulation: 135
29.05.2013 13:25:50
Number of Replications: 100
  
Values of Decision Variables
Cook:  16
Dish Service:  7
Service:  22
  
Values of Output Variables
All Resources.TotalCost:  15260
Record Guests:  1788.91
Record Overflow:  1.93
Record Sales:  65302.06
Record Wait For Dish:  0.293047713766878
  
Sale-Cost:  50042.06(Best = 55262.17)
  
  
Simulation: 136
29.05.2013 13:26:57
Number of Replications: 100
  
Values of Decision Variables
Cook:  13
Dish Service:  16
Service:  24
  
Values of Output Variables
All Resources.TotalCost:  17430
Record Guests:  1722.41
Record Overflow:  34.36
Record Sales:  62779.01
Record Wait For Dish:  0.534410355090241
  
Sale-Cost:  45349.01(Best = 55262.17)
  
  
Simulation: 137
29.05.2013 13:28:00
Number of Replications: 100
  
Values of Decision Variables
Cook:  16
Dish Service:  10
Service:  17
  
Values of Output Variables
All Resources.TotalCost:  14350
Record Guests:  1784.66
Record Overflow:  2.62
Record Sales:  65029.9
Record Wait For Dish:  0.29574605571821
  
Sale-Cost:  50679.9(Best = 55262.17)
  
  
Simulation: 138
29.05.2013 13:29:04
Number of Replications: 100
  
Values of Decision Variables
Cook:  14
Dish Service:  4
Service:  10
  
Values of Output Variables
All Resources.TotalCost:  9520
Record Guests:  1751.2
Record Overflow:  17.21
Record Sales:  63814.15
Record Wait For Dish:  0.311841376167394
  
Sale-Cost:  54294.15(Best = 55262.17)
  
  
Simulation: 139
29.05.2013 13:29:56
Number of Replications: 100
  
Values of Decision Variables
Cook:  1
Dish Service:  4
Service:  10
  
Values of Output Variables
All Resources.TotalCost:  4967.76658832944
Record Guests:  145.92
Record Overflow:  1318.49
Record Sales:  5305.35
Record Wait For Dish:  6.32664715196738
  
Sale-Cost:  337.58341167056(Best = 55262.17)
  
  
Simulation: 140
29.05.2013 13:31:00
Number of Replications: 100
  
Values of Decision Variables
Cook:  19
Dish Service:  4
Service:  10
  
Values of Output Variables
All Resources.TotalCost:  11270
Record Guests:  1773.56
Record Overflow:  2.04
Record Sales:  64706.29
Record Wait For Dish:  0.149828308235151
  
Sale-Cost:  53436.29(Best = 55262.17)
  
  
Simulation: 141
29.05.2013 13:32:05
Number of Replications: 100
  
Values of Decision Variables
Cook:  18
Dish Service:  4
Service:  10
  
Values of Output Variables
All Resources.TotalCost:  10920
Record Guests:  1767.15
Record Overflow:  4.3
Record Sales:  64453.15
Record Wait For Dish:  0.151279308587511
  
Sale-Cost:  53533.15(Best = 55262.17)
  
  
Simulation: 142
29.05.2013 13:32:59
Number of Replications: 100
  
Values of Decision Variables
Cook:  19
Dish Service:  4
Service:  11
  
Values of Output Variables
All Resources.TotalCost:  11620
Record Guests:  1786.84
Record Overflow:  1.33
Record Sales:  65130.87
Record Wait For Dish:  0.153347598021898
  
Sale-Cost:  53510.87(Best = 55262.17)
  
  
Simulation: 143
29.05.2013 13:33:55
Number of Replications: 100
  
Values of Decision Variables
Cook:  17
Dish Service:  4
Service:  9
  
Values of Output Variables
All Resources.TotalCost:  10220
Record Guests:  1759.21
Record Overflow:  19.16
Record Sales:  64123.01
Record Wait For Dish:  0.149787142300271
  
Sale-Cost:  53903.01(Best = 55262.17)
  
  
Simulation: 144
29.05.2013 13:34:51
Number of Replications: 100
  
Values of Decision Variables
Cook:  25
Dish Service:  4
Service:  10
  
Values of Output Variables
All Resources.TotalCost:  13370
Record Guests:  1777.69
Record Overflow:  5.08
Record Sales:  64810.64
Record Wait For Dish:  0.148803388366394
  
Sale-Cost:  51440.64(Best = 55262.17)
  
  
Simulation: 145
29.05.2013 13:35:45
Number of Replications: 100
  
Values of Decision Variables
Cook:  3
Dish Service:  19
Service:  24
  
Values of Output Variables
All Resources.TotalCost:  14762.9784507237
Record Guests:  438.84
Record Overflow:  1065.61
Record Sales:  15987.25
Record Wait For Dish:  4.52121950619476
  
Sale-Cost:  1224.27154927628(Best = 55262.17)
  
  
Simulation: 146
29.05.2013 13:36:32
Number of Replications: 100
  
Values of Decision Variables
Cook:  8
Dish Service:  20
Service:  2
  
Values of Output Variables
All Resources.TotalCost:  9092.85938164553
Record Guests:  455.2
Record Overflow:  1051.35
Record Sales:  16549.45
Record Wait For Dish:  0.146188849452982
  
Sale-Cost:  7456.59061835447(Best = 55262.17)
  
  
Simulation: 147
29.05.2013 13:37:37
Number of Replications: 100
  
Values of Decision Variables
Cook:  25
Dish Service:  14
Service:  25
  
Values of Output Variables
All Resources.TotalCost:  21420
Record Guests:  1771.19
Record Overflow:  0
Record Sales:  64512.49
Record Wait For Dish:  0.149014165362527
  
Sale-Cost:  43092.49(Best = 55262.17)
  
  
Simulation: 148
29.05.2013 13:38:47
Number of Replications: 100
  
Values of Decision Variables
Cook:  24
Dish Service:  19
Service:  9
  
Values of Output Variables
All Resources.TotalCost:  16870
Record Guests:  1760.28
Record Overflow:  17.17
Record Sales:  64166.33
Record Wait For Dish:  0.146021854426788
  
Sale-Cost:  47296.33(Best = 55262.17)
  
  
Simulation: 149
29.05.2013 13:39:51
Number of Replications: 100
  
Values of Decision Variables
Cook:  2
Dish Service:  3
Service:  19
  
Values of Output Variables
All Resources.TotalCost:  8185.30733351723
Record Guests:  293.1
Record Overflow:  1203.68
Record Sales:  10648.57
Record Wait For Dish:  5.72145440777481
  
Sale-Cost:  2463.26266648277(Best = 55262.17)
  
  
Simulation: 150
29.05.2013 13:40:53
Number of Replications: 100
  
Values of Decision Variables
Cook:  1
Dish Service:  9
Service:  4
  
Values of Output Variables
All Resources.TotalCost:  4267.76303939511
Record Guests:  145.71
Record Overflow:  1325.88
Record Sales:  5315.39
Record Wait For Dish:  5.87908327708798
  
Sale-Cost:  1047.62696060489(Best = 55262.17)
  
  
Simulation: 151
29.05.2013 13:41:55
Number of Replications: 100
  
Values of Decision Variables
Cook:  20
Dish Service:  1
Service:  24
  
Values of Output Variables
All Resources.TotalCost:  15676.5368323512
Record Guests:  804.51
Record Overflow:  742.37
Record Sales:  29276.82
Record Wait For Dish:  2.5627244572268
  
Sale-Cost:  13600.2831676488(Best = 55262.17)
  
  
Simulation: 152
29.05.2013 13:43:06
Number of Replications: 100
  
Values of Decision Variables
Cook:  11
Dish Service:  15
Service:  14
  
Values of Output Variables
All Resources.TotalCost:  12944.2341946118
Record Guests:  1568.68
Record Overflow:  121.52
Record Sales:  57273.39
Record Wait For Dish:  0.795592996535929
  
Sale-Cost:  44329.1558053882(Best = 55262.17)
  
  
Simulation: 153
29.05.2013 13:44:11
Number of Replications: 100
  
Values of Decision Variables
Cook:  24
Dish Service:  8
Service:  15
  
Values of Output Variables
All Resources.TotalCost:  15890
Record Guests:  1778.04
Record Overflow:  0
Record Sales:  64881.43
Record Wait For Dish:  0.148171548128095
  
Sale-Cost:  48991.43(Best = 55262.17)
  
  
Simulation: 154
29.05.2013 13:45:12
Number of Replications: 100
  
Values of Decision Variables
Cook:  16
Dish Service:  15
Service:  4
  
Values of Output Variables
All Resources.TotalCost:  11184.7762215186
Record Guests:  910.78
Record Overflow:  658.93
Record Sales:  33216
Record Wait For Dish:  0.1461331130499
  
Sale-Cost:  22031.2237784814(Best = 55262.17)
  
  
Simulation: 155
29.05.2013 13:46:19
Number of Replications: 100
  
Values of Decision Variables
Cook:  14
Dish Service:  3
Service:  8
  
Values of Output Variables
All Resources.TotalCost:  8540
Record Guests:  1687.82
Record Overflow:  55.38
Record Sales:  61602.76
Record Wait For Dish:  0.157894067677272
  
Sale-Cost:  53062.76(Best = 55262.17)
  
  
Simulation: 156
29.05.2013 13:47:27
Number of Replications: 100
  
Values of Decision Variables
Cook:  23
Dish Service:  8
Service:  15
  
Values of Output Variables
All Resources.TotalCost:  15540
Record Guests:  1765.61
Record Overflow:  0
Record Sales:  64311.97
Record Wait For Dish:  0.149791922423819
  
Sale-Cost:  48771.97(Best = 55262.17)
  
  
Simulation: 157
29.05.2013 13:48:28
Number of Replications: 100
  
Values of Decision Variables
Cook:  8
Dish Service:  1
Service:  6
  
Values of Output Variables
All Resources.TotalCost:  5176.5807326891
Record Guests:  808.48
Record Overflow:  739.2
Record Sales:  29525.93
Record Wait For Dish:  2.33189168799081
  
Sale-Cost:  24349.3492673109(Best = 55262.17)
  
  
Simulation: 158
29.05.2013 13:49:37
Number of Replications: 100
  
Values of Decision Variables
Cook:  17
Dish Service:  5
Service:  10
  
Values of Output Variables
All Resources.TotalCost:  10850
Record Guests:  1774.55
Record Overflow:  3.69
Record Sales:  64697.27
Record Wait For Dish:  0.152776105792383
  
Sale-Cost:  53847.27(Best = 55262.17)
  
  
Simulation: 159
29.05.2013 13:50:46
Number of Replications: 100
  
Values of Decision Variables
Cook:  14
Dish Service:  7
Service:  12
  
Values of Output Variables
All Resources.TotalCost:  11060
Record Guests:  1748.12
Record Overflow:  17.66
Record Sales:  63765.38
Record Wait For Dish:  0.413106360638574
  
Sale-Cost:  52705.38(Best = 55262.17)
  
  
Simulation: 160
29.05.2013 13:51:53
Number of Replications: 100
  
Values of Decision Variables
Cook:  16
Dish Service:  9
Service:  13
  
Values of Output Variables
All Resources.TotalCost:  12670
Record Guests:  1769.88
Record Overflow:  1.28
Record Sales:  64554.89
Record Wait For Dish:  0.269994258096892
  
Sale-Cost:  51884.89(Best = 55262.17)
  
  
Simulation: 161
29.05.2013 13:53:00
Number of Replications: 100
  
Values of Decision Variables
Cook:  24
Dish Service:  11
Service:  14
  
Values of Output Variables
All Resources.TotalCost:  16380
Record Guests:  1785.08
Record Overflow:  0
Record Sales:  65160.44
Record Wait For Dish:  0.147549625380628
  
Sale-Cost:  48780.44(Best = 55262.17)
  
  
Simulation: 162
29.05.2013 13:54:04
Number of Replications: 100
  
Values of Decision Variables
Cook:  23
Dish Service:  11
Service:  15
  
Values of Output Variables
All Resources.TotalCost:  16380
Record Guests:  1778.83
Record Overflow:  0
Record Sales:  64818.92
Record Wait For Dish:  0.150061696747208
  
Sale-Cost:  48438.92(Best = 55262.17)
  
  
Simulation: 163
29.05.2013 13:55:16
Number of Replications: 100
  
Values of Decision Variables
Cook:  24
Dish Service:  11
Service:  18
  
Values of Output Variables
All Resources.TotalCost:  17780
Record Guests:  1776.48
Record Overflow:  0
Record Sales:  64735.82
Record Wait For Dish:  0.150370577960214
  
Sale-Cost:  46955.82(Best = 55262.17)
  
  
Simulation: 164
29.05.2013 13:56:27
Number of Replications: 100
  
Values of Decision Variables
Cook:  22
Dish Service:  18
Service:  11
  
Values of Output Variables
All Resources.TotalCost:  16590
Record Guests:  1777.98
Record Overflow:  1.04
Record Sales:  64871.05
Record Wait For Dish:  0.146535527556217
  
Sale-Cost:  48281.05(Best = 55262.17)
  
  
Simulation: 165
29.05.2013 13:57:37
Number of Replications: 100
  
Values of Decision Variables
Cook:  24
Dish Service:  17
Service:  13
  
Values of Output Variables
All Resources.TotalCost:  17710
Record Guests:  1779.85
Record Overflow:  0
Record Sales:  64879.9
Record Wait For Dish:  0.146850891869336
  
Sale-Cost:  47169.9(Best = 55262.17)
  
  
Simulation: 166
29.05.2013 13:58:47
Number of Replications: 100
  
Values of Decision Variables
Cook:  18
Dish Service:  15
Service:  16
  
Values of Output Variables
All Resources.TotalCost:  16100
Record Guests:  1777.47
Record Overflow:  0.3
Record Sales:  64756.03
Record Wait For Dish:  0.204504442923548
  
Sale-Cost:  48656.03(Best = 55262.17)
  
  
Simulation: 167
29.05.2013 14:00:00
Number of Replications: 100
  
Values of Decision Variables
Cook:  20
Dish Service:  12
Service:  15
  
Values of Output Variables
All Resources.TotalCost:  15610
Record Guests:  1790.42
Record Overflow:  0
Record Sales:  65241.44
Record Wait For Dish:  0.166572730535264
  
Sale-Cost:  49631.44(Best = 55262.17)
  
  
Simulation: 168
29.05.2013 14:01:18
Number of Replications: 100
  
Values of Decision Variables
Cook:  16
Dish Service:  5
Service:  10
  
Values of Output Variables
All Resources.TotalCost:  10500
Record Guests:  1782.46
Record Overflow:  5.48
Record Sales:  65009.42
Record Wait For Dish:  0.164543601091149
  
Sale-Cost:  54509.42(Best = 55262.17)
  
  
Simulation: 169
29.05.2013 14:02:27
Number of Replications: 100
  
Values of Decision Variables
Cook:  9
Dish Service:  1
Service:  10
  
Values of Output Variables
All Resources.TotalCost:  6924.66915508866
Record Guests:  802.96
Record Overflow:  746.88
Record Sales:  29330.85
Record Wait For Dish:  2.55987798339564
  
Sale-Cost:  22406.1808449113(Best = 55262.17)
  
  
Simulation: 170
29.05.2013 14:03:42
Number of Replications: 100
  
Values of Decision Variables
Cook:  17
Dish Service:  6
Service:  11
  
Values of Output Variables
All Resources.TotalCost:  11480
Record Guests:  1784
Record Overflow:  3.31
Record Sales:  65027.83
Record Wait For Dish:  0.171062176798619
  
Sale-Cost:  53547.83(Best = 55262.17)
  
  
Simulation: 171
29.05.2013 14:05:09
Number of Replications: 100
  
Values of Decision Variables
Cook:  17
Dish Service:  7
Service:  11
  
Values of Output Variables
All Resources.TotalCost:  11760
Record Guests:  1789.77
Record Overflow:  1.18
Record Sales:  65227.53
Record Wait For Dish:  0.17233937633139
  
Sale-Cost:  53467.53(Best = 55262.17)
  
  
Simulation: 172
29.05.2013 14:06:25
Number of Replications: 100
  
Values of Decision Variables
Cook:  14
Dish Service:  4
Service:  9
  
Values of Output Variables
All Resources.TotalCost:  9170
Record Guests:  1750.26
Record Overflow:  16.73
Record Sales:  63768.79
Record Wait For Dish:  0.185999745425719
  
Sale-Cost:  54598.79(Best = 55262.17)
  
  
Simulation: 173
29.05.2013 14:07:40
Number of Replications: 100
  
Values of Decision Variables
Cook:  14
Dish Service:  6
Service:  8
  
Values of Output Variables
All Resources.TotalCost:  9379.99964009083
Record Guests:  1690.71
Record Overflow:  50.57
Record Sales:  61660.22
Record Wait For Dish:  0.152972750441879
  
Sale-Cost:  52280.2203599092(Best = 55262.17)
  
  
Simulation: 174
29.05.2013 14:08:52
Number of Replications: 100
  
Values of Decision Variables
Cook:  15
Dish Service:  8
Service:  12
  
Values of Output Variables
All Resources.TotalCost:  11690
Record Guests:  1774.28
Record Overflow:  4.72
Record Sales:  64689.77
Record Wait For Dish:  0.334162118850407
  
Sale-Cost:  52999.77(Best = 55262.17)
  
  
Simulation: 175
29.05.2013 14:09:57
Number of Replications: 100
  
Values of Decision Variables
Cook:  25
Dish Service:  4
Service:  20
  
Values of Output Variables
All Resources.TotalCost:  16870
Record Guests:  1790.81
Record Overflow:  0
Record Sales:  65238.47
Record Wait For Dish:  0.161122494650067
  
Sale-Cost:  48368.47(Best = 55262.17)
  
  
Simulation: 176
29.05.2013 14:11:09
Number of Replications: 100
  
Values of Decision Variables
Cook:  15
Dish Service:  4
Service:  9
  
Values of Output Variables
All Resources.TotalCost:  9520
Record Guests:  1757.1
Record Overflow:  17.11
Record Sales:  64166.12
Record Wait For Dish:  0.158357531913856
  
Sale-Cost:  54646.12(Best = 55262.17)
  
  
Simulation: 177
29.05.2013 14:12:17
Number of Replications: 100
  
Values of Decision Variables
Cook:  15
Dish Service:  4
Service:  25
  
Values of Output Variables
All Resources.TotalCost:  15120
Record Guests:  1774.52
Record Overflow:  8.68
Record Sales:  64744.37
Record Wait For Dish:  0.358578644105079
  
Sale-Cost:  49624.37(Best = 55262.17)
  
  
Simulation: 178
29.05.2013 14:13:27
Number of Replications: 100
  
Values of Decision Variables
Cook:  23
Dish Service:  19
Service:  25
  
Values of Output Variables
All Resources.TotalCost:  22120
Record Guests:  1788.13
Record Overflow:  0
Record Sales:  65153.41
Record Wait For Dish:  0.153227418879007
  
Sale-Cost:  43033.41(Best = 55262.17)
  
  
Simulation: 179
29.05.2013 14:14:24
Number of Replications: 100
  
Values of Decision Variables
Cook:  25
Dish Service:  19
Service:  2
  
Values of Output Variables
All Resources.TotalCost:  14762.8200411123
Record Guests:  455.37
Record Overflow:  1050.76
Record Sales:  16557.27
Record Wait For Dish:  0.146204990964812
  
Sale-Cost:  1794.44995888766(Best = 55262.17)
  
  
Simulation: 180
29.05.2013 14:15:19
Number of Replications: 100
  
Values of Decision Variables
Cook:  2
Dish Service:  20
Service:  17
  
Values of Output Variables
All Resources.TotalCost:  12245.3969254456
Record Guests:  292.62
Record Overflow:  1206.41
Record Sales:  10628.4
Record Wait For Dish:  5.72238046117671
  
Sale-Cost:  -1616.99692544562(Best = 55262.17)
  
  
Simulation: 181
29.05.2013 14:16:20
Number of Replications: 100
  
Values of Decision Variables
Cook:  5
Dish Service:  1
Service:  25
  
Values of Output Variables
All Resources.TotalCost:  10770.9689534383
Record Guests:  728.71
Record Overflow:  817.32
Record Sales:  26570.95
Record Wait For Dish:  2.87076960473345
  
Sale-Cost:  15799.9810465617(Best = 55262.17)
  
  
Simulation: 182
29.05.2013 14:17:20
Number of Replications: 100
  
Values of Decision Variables
Cook:  6
Dish Service:  12
Service:  3
  
Values of Output Variables
All Resources.TotalCost:  6498.9484066505
Record Guests:  683.29
Record Overflow:  857.08
Record Sales:  25011.01
Record Wait For Dish:  0.153997010188021
  
Sale-Cost:  18512.0615933495(Best = 55262.17)
  
  
Simulation: 183
29.05.2013 14:18:24
Number of Replications: 100
  
Values of Decision Variables
Cook:  16
Dish Service:  15
Service:  12
  
Values of Output Variables
All Resources.TotalCost:  14000
Record Guests:  1773.46
Record Overflow:  3.21
Record Sales:  64723.69
Record Wait For Dish:  0.254618833508046
  
Sale-Cost:  50723.69(Best = 55262.17)
  
  
Simulation: 184
29.05.2013 14:19:27
Number of Replications: 100
  
Values of Decision Variables
Cook:  24
Dish Service:  7
Service:  19
  
Values of Output Variables
All Resources.TotalCost:  17010
Record Guests:  1782.33
Record Overflow:  0.03
Record Sales:  64962.29
Record Wait For Dish:  0.150129023189984
  
Sale-Cost:  47952.29(Best = 55262.17)
  
  
Simulation: 185
29.05.2013 14:20:20
Number of Replications: 100
  
Values of Decision Variables
Cook:  5
Dish Service:  2
Service:  2
  
Values of Output Variables
All Resources.TotalCost:  3002.61889331679
Record Guests:  454.81
Record Overflow:  1057.08
Record Sales:  16631.8
Record Wait For Dish:  0.148918402405135
  
Sale-Cost:  13629.1811066832(Best = 55262.17)
  
  
Simulation: 186
29.05.2013 14:21:24
Number of Replications: 100
  
Values of Decision Variables
Cook:  8
Dish Service:  10
Service:  19
  
Values of Output Variables
All Resources.TotalCost:  12239.5194753802
Record Guests:  1168.56
Record Overflow:  437.24
Record Sales:  42598.06
Record Wait For Dish:  1.58063031408377
  
Sale-Cost:  30358.5405246198(Best = 55262.17)
  
  
Simulation: 187
29.05.2013 14:22:29
Number of Replications: 100
  
Values of Decision Variables
Cook:  11
Dish Service:  19
Service:  25
  
Values of Output Variables
All Resources.TotalCost:  17913.5174598872
Record Guests:  1574.02
Record Overflow:  111.81
Record Sales:  57391.15
Record Wait For Dish:  0.803130644784972
  
Sale-Cost:  39477.6325401128(Best = 55262.17)
  
  
Simulation: 188
29.05.2013 14:23:32
Number of Replications: 100
  
Values of Decision Variables
Cook:  16
Dish Service:  13
Service:  12
  
Values of Output Variables
All Resources.TotalCost:  13440
Record Guests:  1773.46
Record Overflow:  3.21
Record Sales:  64723.69
Record Wait For Dish:  0.254618833508046
  
Sale-Cost:  51283.69(Best = 55262.17)
  
  
Simulation: 189
29.05.2013 14:24:35
Number of Replications: 100
  
Values of Decision Variables
Cook:  15
Dish Service:  15
Service:  12
  
Values of Output Variables
All Resources.TotalCost:  13650
Record Guests:  1776.45
Record Overflow:  5.29
Record Sales:  64755.64
Record Wait For Dish:  0.334640977944222
  
Sale-Cost:  51105.64(Best = 55262.17)
  
  
Simulation: 190
29.05.2013 14:25:38
Number of Replications: 100
  
Values of Decision Variables
Cook:  18
Dish Service:  5
Service:  11
  
Values of Output Variables
All Resources.TotalCost:  11550
Record Guests:  1768.72
Record Overflow:  0.46
Record Sales:  64571.51
Record Wait For Dish:  0.154543137809132
  
Sale-Cost:  53021.51(Best = 55262.17)
  
  
Simulation: 191
29.05.2013 14:26:41
Number of Replications: 100
  
Values of Decision Variables
Cook:  16
Dish Service:  7
Service:  16
  
Values of Output Variables
All Resources.TotalCost:  13160
Record Guests:  1780.83
Record Overflow:  3.38
Record Sales:  64862.89
Record Wait For Dish:  0.286321585478305
  
Sale-Cost:  51702.89(Best = 55262.17)
  
  
Simulation: 192
29.05.2013 14:27:45
Number of Replications: 100
  
Values of Decision Variables
Cook:  14
Dish Service:  5
Service:  14
  
Values of Output Variables
All Resources.TotalCost:  11200
Record Guests:  1760.68
Record Overflow:  18.77
Record Sales:  64258.96
Record Wait For Dish:  0.433717666017013
  
Sale-Cost:  53058.96(Best = 55262.17)
  
  
Simulation: 193
29.05.2013 14:28:38
Number of Replications: 100
  
Values of Decision Variables
Cook:  17
Dish Service:  14
Service:  13
  
Values of Output Variables
All Resources.TotalCost:  14420
Record Guests:  1790.73
Record Overflow:  1.91
Record Sales:  65249.93
Record Wait For Dish:  0.227851142726884
  
Sale-Cost:  50829.93(Best = 55262.17)
  
  
Simulation: 194
29.05.2013 14:29:37
Number of Replications: 100
  
Values of Decision Variables
Cook:  18
Dish Service:  16
Service:  18
  
Values of Output Variables
All Resources.TotalCost:  17080
Record Guests:  1780.12
Record Overflow:  0.35
Record Sales:  64914.95
Record Wait For Dish:  0.206797010770622
  
Sale-Cost:  47834.95(Best = 55262.17)
  
  
Simulation: 195
29.05.2013 14:30:31
Number of Replications: 100
  
Values of Decision Variables
Cook:  14
Dish Service:  17
Service:  13
  
Values of Output Variables
All Resources.TotalCost:  14210
Record Guests:  1762.45
Record Overflow:  15.43
Record Sales:  64288.86
Record Wait For Dish:  0.429794661080352
  
Sale-Cost:  50078.86(Best = 55262.17)
  
  
Simulation: 196
29.05.2013 14:31:18
Number of Replications: 100
  
Values of Decision Variables
Cook:  24
Dish Service:  8
Service:  21
  
Values of Output Variables
All Resources.TotalCost:  17990
Record Guests:  1778.69
Record Overflow:  0.25
Record Sales:  64889.66
Record Wait For Dish:  0.150537601215648
  
Sale-Cost:  46899.66(Best = 55262.17)
  
  
Simulation: 197
29.05.2013 14:32:07
Number of Replications: 100
  
Values of Decision Variables
Cook:  23
Dish Service:  9
Service:  22
  
Values of Output Variables
All Resources.TotalCost:  18270
Record Guests:  1783.04
Record Overflow:  0.33
Record Sales:  64990.83
Record Wait For Dish:  0.152854378038223
  
Sale-Cost:  46720.83(Best = 55262.17)
  
  
Simulation: 198
29.05.2013 14:32:56
Number of Replications: 100
  
Values of Decision Variables
Cook:  20
Dish Service:  19
Service:  25
  
Values of Output Variables
All Resources.TotalCost:  21070
Record Guests:  1768.71
Record Overflow:  0
Record Sales:  64424.64
Record Wait For Dish:  0.168872664068931
  
Sale-Cost:  43354.64(Best = 55262.17)
  
  
Simulation: 199
29.05.2013 14:33:39
Number of Replications: 100
  
Values of Decision Variables
Cook:  25
Dish Service:  1
Service:  25
  
Values of Output Variables
All Resources.TotalCost:  17775.7348931198
Record Guests:  807.56
Record Overflow:  756.8
Record Sales:  29474.72
Record Wait For Dish:  2.55729040414993
  
Sale-Cost:  11698.9851068802(Best = 55262.17)
  
  
Simulation: 200
29.05.2013 14:34:24
Number of Replications: 100
  
Values of Decision Variables
Cook:  18
Dish Service:  13
Service:  18
  
Values of Output Variables
All Resources.TotalCost:  16240
Record Guests:  1780.12
Record Overflow:  0.35
Record Sales:  64914.95
Record Wait For Dish:  0.206797010770622
  
Sale-Cost:  48674.95(Best = 55262.17)
  
  
Simulation: 201
29.05.2013 14:35:12
Number of Replications: 100
  
Values of Decision Variables
Cook:  16
Dish Service:  3
Service:  7
  
Values of Output Variables
All Resources.TotalCost:  8881.40426115592
Record Guests:  1564.68
Record Overflow:  133.16
Record Sales:  57067.93
Record Wait For Dish:  0.149925297757563
  
Sale-Cost:  48186.5257388441(Best = 55262.17)
  
  
Simulation: 202
29.05.2013 14:36:02
Number of Replications: 100
  
Values of Decision Variables
Cook:  14
Dish Service:  5
Service:  13
  
Values of Output Variables
All Resources.TotalCost:  10850
Record Guests:  1760.05
Record Overflow:  19.38
Record Sales:  64181.8
Record Wait For Dish:  0.424009672142694
  
Sale-Cost:  53331.8(Best = 55262.17)
  
  
Simulation: 203
29.05.2013 14:36:49
Number of Replications: 100
  
Values of Decision Variables
Cook:  14
Dish Service:  4
Service:  14
  
Values of Output Variables
All Resources.TotalCost:  10920
Record Guests:  1763.84
Record Overflow:  21.85
Record Sales:  64275.48
Record Wait For Dish:  0.431319659531292
  
Sale-Cost:  53355.48(Best = 55262.17)
  
  
Simulation: 204
29.05.2013 14:37:31
Number of Replications: 100
  
Values of Decision Variables
Cook:  17
Dish Service:  2
Service:  1
  
Values of Output Variables
All Resources.TotalCost:  6855.84141073269
Record Guests:  227.73
Record Overflow:  1273.95
Record Sales:  8321.1
Record Wait For Dish:  0.146182080884696
  
Sale-Cost:  1465.25858926731(Best = 55262.17)
  
  
Simulation: 205
29.05.2013 14:38:24
Number of Replications: 100
  
Values of Decision Variables
Cook:  15
Dish Service:  8
Service:  11
  
Values of Output Variables
All Resources.TotalCost:  11340
Record Guests:  1771.01
Record Overflow:  7.75
Record Sales:  64597.67
Record Wait For Dish:  0.293179212186052
  
Sale-Cost:  53257.67(Best = 55262.17)
  
  
Simulation: 206
29.05.2013 14:39:19
Number of Replications: 100
  
Values of Decision Variables
Cook:  14
Dish Service:  6
Service:  15
  
Values of Output Variables
All Resources.TotalCost:  11830
Record Guests:  1754.26
Record Overflow:  17.27
Record Sales:  63909.51
Record Wait For Dish:  0.428157551468982
  
Sale-Cost:  52079.51(Best = 55262.17)
  
  
Simulation: 207
29.05.2013 14:40:17
Number of Replications: 100
  
Values of Decision Variables
Cook:  14
Dish Service:  6
Service:  13
  
Values of Output Variables
All Resources.TotalCost:  11130
Record Guests:  1764.26
Record Overflow:  17.62
Record Sales:  64281.72
Record Wait For Dish:  0.433703687035997
  
Sale-Cost:  53151.72(Best = 55262.17)
  
  
Simulation: 208
29.05.2013 14:41:11
Number of Replications: 100
  
Values of Decision Variables
Cook:  17
Dish Service:  6
Service:  13
  
Values of Output Variables
All Resources.TotalCost:  12180
Record Guests:  1775.16
Record Overflow:  0.75
Record Sales:  64689.29
Record Wait For Dish:  0.221491585334386
  
Sale-Cost:  52509.29(Best = 55262.17)
  
  
Simulation: 209
29.05.2013 14:42:04
Number of Replications: 100
  
Values of Decision Variables
Cook:  17
Dish Service:  8
Service:  11
  
Values of Output Variables
All Resources.TotalCost:  12040
Record Guests:  1793.63
Record Overflow:  2.86
Record Sales:  65412.16
Record Wait For Dish:  0.171398481680824
  
Sale-Cost:  53372.16(Best = 55262.17)
  
  
Simulation: 210
29.05.2013 14:42:56
Number of Replications: 100
  
Values of Decision Variables
Cook:  16
Dish Service:  8
Service:  15
  
Values of Output Variables
All Resources.TotalCost:  13090
Record Guests:  1783.2
Record Overflow:  3.17
Record Sales:  64967.53
Record Wait For Dish:  0.29081544335261
  
Sale-Cost:  51877.53(Best = 55262.17)
  
  
Simulation: 211
29.05.2013 14:43:47
Number of Replications: 100
  
Values of Decision Variables
Cook:  16
Dish Service:  7
Service:  13
  
Values of Output Variables
All Resources.TotalCost:  12110
Record Guests:  1764.19
Record Overflow:  1.93
Record Sales:  64307.27
Record Wait For Dish:  0.264203865643448
  
Sale-Cost:  52197.27(Best = 55262.17)
  
  
Simulation: 212
29.05.2013 14:44:37
Number of Replications: 100
  
Values of Decision Variables
Cook:  17
Dish Service:  8
Service:  10
  
Values of Output Variables
All Resources.TotalCost:  11690
Record Guests:  1781.23
Record Overflow:  4.87
Record Sales:  64822.7
Record Wait For Dish:  0.152478409371655
  
Sale-Cost:  53132.7(Best = 55262.17)
  
  
Simulation: 213
29.05.2013 14:45:28
Number of Replications: 100
  
Values of Decision Variables
Cook:  16
Dish Service:  7
Service:  12
  
Values of Output Variables
All Resources.TotalCost:  11760
Record Guests:  1775.05
Record Overflow:  3.29
Record Sales:  64735.16
Record Wait For Dish:  0.256200053205604
  
Sale-Cost:  52975.16(Best = 55262.17)
  
  
Simulation: 214
29.05.2013 14:46:21
Number of Replications: 100
  
Values of Decision Variables
Cook:  16
Dish Service:  7
Service:  11
  
Values of Output Variables
All Resources.TotalCost:  11410
Record Guests:  1786.08
Record Overflow:  3.74
Record Sales:  65094.83
Record Wait For Dish:  0.221783245728054
  
Sale-Cost:  53684.83(Best = 55262.17)
  
  
Simulation: 215
29.05.2013 14:47:13
Number of Replications: 100
  
Values of Decision Variables
Cook:  16
Dish Service:  8
Service:  11
  
Values of Output Variables
All Resources.TotalCost:  11690
Record Guests:  1778.08
Record Overflow:  2.75
Record Sales:  64773.33
Record Wait For Dish:  0.220086355832385
  
Sale-Cost:  53083.33(Best = 55262.17)
  
  
Simulation: 216
29.05.2013 14:48:07
Number of Replications: 100
  
Values of Decision Variables
Cook:  14
Dish Service:  6
Service:  12
  
Values of Output Variables
All Resources.TotalCost:  10780
Record Guests:  1755.8
Record Overflow:  16.29
Record Sales:  64067.84
Record Wait For Dish:  0.410284139973644
  
Sale-Cost:  53287.84(Best = 55262.17)
  
  
Simulation: 217
29.05.2013 14:48:52
Number of Replications: 100
  
Values of Decision Variables
Cook:  1
Dish Service:  20
Service:  25
  
Values of Output Variables
All Resources.TotalCost:  14697.7850515448
Record Guests:  146.53
Record Overflow:  1332.24
Record Sales:  5311.87
Record Wait For Dish:  6.3590113094339
  
Sale-Cost:  -9385.91505154477(Best = 55262.17)
  
  
Simulation: 218
29.05.2013 14:49:49
Number of Replications: 100
  
Values of Decision Variables
Cook:  16
Dish Service:  6
Service:  11
  
Values of Output Variables
All Resources.TotalCost:  11130
Record Guests:  1780.54
Record Overflow:  3.15
Record Sales:  64986.82
Record Wait For Dish:  0.217116050289632
  
Sale-Cost:  53856.82(Best = 55262.17)
  
  
Simulation: 219
29.05.2013 14:50:43
Number of Replications: 100
  
Values of Decision Variables
Cook:  16
Dish Service:  6
Service:  10
  
Values of Output Variables
All Resources.TotalCost:  10780
Record Guests:  1774.24
Record Overflow:  4.13
Record Sales:  64699.71
Record Wait For Dish:  0.162663634578224
  
Sale-Cost:  53919.71(Best = 55262.17)
  
  
Simulation: 220
29.05.2013 14:51:35
Number of Replications: 100
  
Values of Decision Variables
Cook:  14
Dish Service:  1
Service:  10
  
Values of Output Variables
All Resources.TotalCost:  8676.05666790421
Record Guests:  807.9
Record Overflow:  743.76
Record Sales:  29456.49
Record Wait For Dish:  2.5484119112083
  
Sale-Cost:  20780.4333320958(Best = 55262.17)
  
  
Simulation: 221
29.05.2013 14:52:26
Number of Replications: 100
  
Values of Decision Variables
Cook:  8
Dish Service:  19
Service:  25
  
Values of Output Variables
All Resources.TotalCost:  16859.6182968228
Record Guests:  1167.57
Record Overflow:  437.33
Record Sales:  42559.02
Record Wait For Dish:  1.58087422277026
  
Sale-Cost:  25699.4017031772(Best = 55262.17)
  
  
Simulation: 222
29.05.2013 14:53:26
Number of Replications: 100
  
Values of Decision Variables
Cook:  6
Dish Service:  19
Service:  2
  
Values of Output Variables
All Resources.TotalCost:  8112.80197291347
Record Guests:  455.5
Record Overflow:  1063.4
Record Sales:  16588.44
Record Wait For Dish:  0.146322353647428
  
Sale-Cost:  8475.63802708653(Best = 55262.17)
  
  
Simulation: 223
29.05.2013 14:54:16
Number of Replications: 100
  
Values of Decision Variables
Cook:  24
Dish Service:  12
Service:  24
  
Values of Output Variables
All Resources.TotalCost:  20160
Record Guests:  1776.73
Record Overflow:  0
Record Sales:  64798.06
Record Wait For Dish:  0.150265364285869
  
Sale-Cost:  44638.06(Best = 55262.17)
  
  
Simulation: 224
29.05.2013 14:55:07
Number of Replications: 100
  
Values of Decision Variables
Cook:  22
Dish Service:  16
Service:  8
  
Values of Output Variables
All Resources.TotalCost:  14979.9145631517
Record Guests:  1693.38
Record Overflow:  60.49
Record Sales:  61735.53
Record Wait For Dish:  0.14613025152132
  
Sale-Cost:  46755.6154368483(Best = 55262.17)
  
  
Simulation: 225
29.05.2013 14:55:55
Number of Replications: 100
  
Values of Decision Variables
Cook:  3
Dish Service:  5
Service:  21
  
Values of Output Variables
All Resources.TotalCost:  9792.99459718197
Record Guests:  438.9
Record Overflow:  1066.2
Record Sales:  15987.74
Record Wait For Dish:  4.52034809953709
  
Sale-Cost:  6194.74540281803(Best = 55262.17)
  
  
Simulation: 226
29.05.2013 14:56:38
Number of Replications: 100
  
Values of Decision Variables
Cook:  1
Dish Service:  6
Service:  4
  
Values of Output Variables
All Resources.TotalCost:  3427.76303939511
Record Guests:  145.71
Record Overflow:  1325.88
Record Sales:  5315.39
Record Wait For Dish:  5.87908327708798
  
Sale-Cost:  1887.62696060489(Best = 55262.17)
  
  
Simulation: 227
29.05.2013 14:57:29
Number of Replications: 100
  
Values of Decision Variables
Cook:  4
Dish Service:  13
Service:  13
  
Values of Output Variables
All Resources.TotalCost:  9580.33553465896
Record Guests:  586.49
Record Overflow:  924.51
Record Sales:  21403.92
Record Wait For Dish:  3.54163204011212
  
Sale-Cost:  11823.584465341(Best = 55262.17)
  
  
Simulation: 228
29.05.2013 14:58:17
Number of Replications: 100
  
Values of Decision Variables
Cook:  24
Dish Service:  1
Service:  18
  
Values of Output Variables
All Resources.TotalCost:  14975.7807979544
Record Guests:  805.85
Record Overflow:  754.58
Record Sales:  29401.29
Record Wait For Dish:  2.56118779861379
  
Sale-Cost:  14425.5092020456(Best = 55262.17)
  
  
Simulation: 229
29.05.2013 14:59:15
Number of Replications: 100
  
Values of Decision Variables
Cook:  13
Dish Service:  19
Service:  13
  
Values of Output Variables
All Resources.TotalCost:  14420
Record Guests:  1715.94
Record Overflow:  35.8
Record Sales:  62569.82
Record Wait For Dish:  0.521317609902208
  
Sale-Cost:  48149.82(Best = 55262.17)
  
  
Simulation: 230
29.05.2013 15:00:06
Number of Replications: 100
  
Values of Decision Variables
Cook:  12
Dish Service:  12
Service:  4
  
Values of Output Variables
All Resources.TotalCost:  8945.01942989496
Record Guests:  908.53
Record Overflow:  659.65
Record Sales:  33155.23
Record Wait For Dish:  0.146056100057097
  
Sale-Cost:  24210.210570105(Best = 55262.17)
  
  
Simulation: 231
29.05.2013 15:01:00
Number of Replications: 100
  
Values of Decision Variables
Cook:  14
Dish Service:  9
Service:  10
  
Values of Output Variables
All Resources.TotalCost:  10920
Record Guests:  1755.88
Record Overflow:  18.84
Record Sales:  64036.24
Record Wait For Dish:  0.317055405239396
  
Sale-Cost:  53116.24(Best = 55262.17)
  
  
Simulation: 232
29.05.2013 15:01:53
Number of Replications: 100
  
Values of Decision Variables
Cook:  16
Dish Service:  2
Service:  10
  
Values of Output Variables
All Resources.TotalCost:  9659.53734836226
Record Guests:  1575.51
Record Overflow:  119.36
Record Sales:  57463.54
Record Wait For Dish:  0.74587729202919
  
Sale-Cost:  47804.0026516377(Best = 55262.17)
  
  
Simulation: 233
29.05.2013 15:02:48
Number of Replications: 100
  
Values of Decision Variables
Cook:  16
Dish Service:  1
Service:  9
  
Values of Output Variables
All Resources.TotalCost:  9026.76354449651
Record Guests:  808.94
Record Overflow:  746.86
Record Sales:  29466.64
Record Wait For Dish:  2.53291331484245
  
Sale-Cost:  20439.8764555035(Best = 55262.17)
  
  
Simulation: 234
29.05.2013 15:03:47
Number of Replications: 100
  
Values of Decision Variables
Cook:  13
Dish Service:  14
Service:  12
  
Values of Output Variables
All Resources.TotalCost:  12670
Record Guests:  1714.52
Record Overflow:  35.4
Record Sales:  62501.38
Record Wait For Dish:  0.511992012595584
  
Sale-Cost:  49831.38(Best = 55262.17)
  
  
Simulation: 235
29.05.2013 15:04:49
Number of Replications: 100
  
Values of Decision Variables
Cook:  13
Dish Service:  19
Service:  10
  
Values of Output Variables
All Resources.TotalCost:  13370
Record Guests:  1714.9
Record Overflow:  35.22
Record Sales:  62624.01
Record Wait For Dish:  0.440908827740263
  
Sale-Cost:  49254.01(Best = 55262.17)
  
  
Simulation: 236
29.05.2013 15:05:46
Number of Replications: 100
  
Values of Decision Variables
Cook:  15
Dish Service:  4
Service:  13
  
Values of Output Variables
All Resources.TotalCost:  10920
Record Guests:  1764.41
Record Overflow:  8.77
Record Sales:  64270.39
Record Wait For Dish:  0.347179737224526
  
Sale-Cost:  53350.39(Best = 55262.17)
  
  
Simulation: 237
29.05.2013 15:06:38
Number of Replications: 100
  
Values of Decision Variables
Cook:  19
Dish Service:  7
Service:  11
  
Values of Output Variables
All Resources.TotalCost:  12460
Record Guests:  1777.58
Record Overflow:  1.17
Record Sales:  64738.68
Record Wait For Dish:  0.14953077238438
  
Sale-Cost:  52278.68(Best = 55262.17)
  
  
Simulation: 238
29.05.2013 15:07:32
Number of Replications: 100
  
Values of Decision Variables
Cook:  14
Dish Service:  18
Service:  11
  
Values of Output Variables
All Resources.TotalCost:  13790
Record Guests:  1752.18
Record Overflow:  19.55
Record Sales:  63882.12
Record Wait For Dish:  0.388256236173392
  
Sale-Cost:  50092.12(Best = 55262.17)
  
  
Simulation: 239
29.05.2013 15:08:27
Number of Replications: 100
  
Values of Decision Variables
Cook:  16
Dish Service:  19
Service:  18
  
Values of Output Variables
All Resources.TotalCost:  17220
Record Guests:  1771.15
Record Overflow:  2.7
Record Sales:  64505.32
Record Wait For Dish:  0.28865177320997
  
Sale-Cost:  47285.32(Best = 55262.17)
  
  
Simulation: 240
29.05.2013 15:09:23
Number of Replications: 100
  
Values of Decision Variables
Cook:  11
Dish Service:  19
Service:  17
  
Values of Output Variables
All Resources.TotalCost:  15113.627386203
Record Guests:  1573.92
Record Overflow:  124.84
Record Sales:  57358.29
Record Wait For Dish:  0.810866061667681
  
Sale-Cost:  42244.662613797(Best = 55262.17)
  
  
Simulation: 241
29.05.2013 15:10:17
Number of Replications: 100
  
Values of Decision Variables
Cook:  22
Dish Service:  16
Service:  13
  
Values of Output Variables
All Resources.TotalCost:  16730
Record Guests:  1777.03
Record Overflow:  0
Record Sales:  64863.77
Record Wait For Dish:  0.148381361477066
  
Sale-Cost:  48133.77(Best = 55262.17)
  
  
Simulation: 242
29.05.2013 15:11:12
Number of Replications: 100
  
Values of Decision Variables
Cook:  22
Dish Service:  16
Service:  15
  
Values of Output Variables
All Resources.TotalCost:  17430
Record Guests:  1782.83
Record Overflow:  0.49
Record Sales:  65026.5
Record Wait For Dish:  0.152466905373378
  
Sale-Cost:  47596.5(Best = 55262.17)
  
  
Simulation: 243
29.05.2013 15:12:07
Number of Replications: 100
  
Values of Decision Variables
Cook:  17
Dish Service:  15
Service:  24
  
Values of Output Variables
All Resources.TotalCost:  18550
Record Guests:  1784.17
Record Overflow:  0.71
Record Sales:  65060.65
Record Wait For Dish:  0.239050038302036
  
Sale-Cost:  46510.65(Best = 55262.17)
  
  
Simulation: 244
29.05.2013 15:13:02
Number of Replications: 100
  
Values of Decision Variables
Cook:  16
Dish Service:  14
Service:  16
  
Values of Output Variables
All Resources.TotalCost:  15120
Record Guests:  1782.97
Record Overflow:  3.28
Record Sales:  64950.09
Record Wait For Dish:  0.289829374329099
  
Sale-Cost:  49830.09(Best = 55262.17)
  
  
Simulation: 245
29.05.2013 15:13:58
Number of Replications: 100
  
Values of Decision Variables
Cook:  15
Dish Service:  4
Service:  8
  
Values of Output Variables
All Resources.TotalCost:  9170
Record Guests:  1689.62
Record Overflow:  55.33
Record Sales:  61562.36
Record Wait For Dish:  0.150040964277284
  
Sale-Cost:  52392.36(Best = 55262.17)
  
  
Simulation: 246
29.05.2013 15:14:43
Number of Replications: 100
  
Values of Decision Variables
Cook:  15
Dish Service:  4
Service:  1
  
Values of Output Variables
All Resources.TotalCost:  6715.84141073269
Record Guests:  227.73
Record Overflow:  1273.95
Record Sales:  8321.1
Record Wait For Dish:  0.146182080884696
  
Sale-Cost:  1605.25858926731(Best = 55262.17)
  
  
Simulation: 247
29.05.2013 15:15:40
Number of Replications: 100
  
Values of Decision Variables
Cook:  15
Dish Service:  11
Service:  12
  
Values of Output Variables
All Resources.TotalCost:  12530
Record Guests:  1776.45
Record Overflow:  5.29
Record Sales:  64755.64
Record Wait For Dish:  0.334640977944222
  
Sale-Cost:  52225.64(Best = 55262.17)
  
  
Simulation: 248
29.05.2013 15:16:32
Number of Replications: 100
  
Values of Decision Variables
Cook:  16
Dish Service:  9
Service:  10
  
Values of Output Variables
All Resources.TotalCost:  11620
Record Guests:  1765.56
Record Overflow:  4.08
Record Sales:  64370.86
Record Wait For Dish:  0.162193399789988
  
Sale-Cost:  52750.86(Best = 55262.17)
  
  
Simulation: 249
29.05.2013 15:17:21
Number of Replications: 100
  
Values of Decision Variables
Cook:  14
Dish Service:  13
Service:  10
  
Values of Output Variables
All Resources.TotalCost:  12040
Record Guests:  1755.88
Record Overflow:  18.84
Record Sales:  64036.24
Record Wait For Dish:  0.317055405239396
  
Sale-Cost:  51996.24(Best = 55262.17)
  
  
Simulation: 250
29.05.2013 15:18:10
Number of Replications: 100
  
Values of Decision Variables
Cook:  19
Dish Service:  11
Service:  11
  
Values of Output Variables
All Resources.TotalCost:  13580
Record Guests:  1777.79
Record Overflow:  0.42
Record Sales:  64778.6
Record Wait For Dish:  0.149723873766753
  
Sale-Cost:  51198.6(Best = 55262.17)
  
  
Simulation: 251
29.05.2013 15:18:59
Number of Replications: 100
  
Values of Decision Variables
Cook:  15
Dish Service:  9
Service:  10
  
Values of Output Variables
All Resources.TotalCost:  11270
Record Guests:  1772.78
Record Overflow:  8.96
Record Sales:  64607.33
Record Wait For Dish:  0.211847845889601
  
Sale-Cost:  53337.33(Best = 55262.17)
  
  
Simulation: 252
29.05.2013 15:19:49
Number of Replications: 100
  
Values of Decision Variables
Cook:  14
Dish Service:  8
Service:  10
  
Values of Output Variables
All Resources.TotalCost:  10640
Record Guests:  1755.35
Record Overflow:  18.17
Record Sales:  64025.99
Record Wait For Dish:  0.316440233591821
  
Sale-Cost:  53385.99(Best = 55262.17)
  
  
Simulation: 253
29.05.2013 15:20:39
Number of Replications: 100
  
Values of Decision Variables
Cook:  16
Dish Service:  7
Service:  9
  
Values of Output Variables
All Resources.TotalCost:  10710
Record Guests:  1752.17
Record Overflow:  18.03
Record Sales:  63918.96
Record Wait For Dish:  0.150385634955494
  
Sale-Cost:  53208.96(Best = 55262.17)
  
  
Simulation: 254
29.05.2013 15:21:31
Number of Replications: 100
  
Values of Decision Variables
Cook:  16
Dish Service:  3
Service:  10
  
Values of Output Variables
All Resources.TotalCost:  9940
Record Guests:  1773.67
Record Overflow:  3.8
Record Sales:  64756.68
Record Wait For Dish:  0.180740293711712
  
Sale-Cost:  54816.68(Best = 55262.17)
  
  
Simulation: 255
29.05.2013 15:22:20
Number of Replications: 100
  
Values of Decision Variables
Cook:  16
Dish Service:  1
Service:  10
  
Values of Output Variables
All Resources.TotalCost:  9376.85853773243
Record Guests:  807.69
Record Overflow:  740.64
Record Sales:  29432.18
Record Wait For Dish:  2.54684564600565
  
Sale-Cost:  20055.3214622676(Best = 55262.17)
  
  
Simulation: 256
29.05.2013 15:23:13
Number of Replications: 100
  
Values of Decision Variables
Cook:  14
Dish Service:  7
Service:  11
  
Values of Output Variables
All Resources.TotalCost:  10710
Record Guests:  1751
Record Overflow:  20.91
Record Sales:  63892.82
Record Wait For Dish:  0.388193179290578
  
Sale-Cost:  53182.82(Best = 55262.17)
  
  
Simulation: 257
29.05.2013 15:23:57
Number of Replications: 100
  
Values of Decision Variables
Cook:  1
Dish Service:  18
Service:  10
  
Values of Output Variables
All Resources.TotalCost:  8887.76658832944
Record Guests:  145.92
Record Overflow:  1318.49
Record Sales:  5305.35
Record Wait For Dish:  6.32664715196738
  
Sale-Cost:  -3582.41658832944(Best = 55262.17)
  
  
Simulation: 258
29.05.2013 15:24:41
Number of Replications: 100
  
Values of Decision Variables
Cook:  1
Dish Service:  20
Service:  1
  
Values of Output Variables
All Resources.TotalCost:  6297.01349065268
Record Guests:  145.95
Record Overflow:  1330.9
Record Sales:  5346.45
Record Wait For Dish:  2.65379213632387
  
Sale-Cost:  -950.563490652683(Best = 55262.17)
  
  
 
Optimization Summary
Optimization started at 29.05.2013 11:28:33 and ended at 29.05.2013 15:24:45
Best solution generated at simulation 46 of 258 total simulations.
 
